mode: atomic
bitmap-usage/bulk/group.go:11.35,13.2 1 1
bitmap-usage/bulk/group.go:15.30,18.2 2 1
bitmap-usage/bulk/group.go:20.38,23.12 3 3
bitmap-usage/bulk/group.go:23.12,25.47 2 3
bitmap-usage/bulk/group.go:28.3,28.12 1 3
bitmap-usage/bulk/group.go:25.47,27.4 1 0
bitmap-usage/handlers-map64/aggregate-map.go:18.56,21.2 2 2
bitmap-usage/handlers-map64/search-price.go:10.86,16.16 4 2
bitmap-usage/handlers-map64/search-price.go:21.2,23.16 2 2
bitmap-usage/handlers-map64/search-price.go:27.2,29.16 3 1
bitmap-usage/handlers-map64/search-price.go:16.16,19.3 2 0
bitmap-usage/handlers-map64/search-price.go:23.16,26.3 2 1
bitmap-usage/handlers-map64/search-price.go:29.16,33.3 3 0
bitmap-usage/handlers-map64/search-price_helper.go:16.40,30.2 7 2
bitmap-usage/handlers-map64/search-price_helper.go:32.93,46.2 8 1
bitmap-usage/handlers-map64/search-price_helper.go:48.96,67.2 13 1
bitmap-usage/handlers-roaring64/aggregate-bitmap.go:20.66,23.2 2 2
bitmap-usage/handlers-roaring64/search-price.go:10.89,16.16 4 2
bitmap-usage/handlers-roaring64/search-price.go:21.2,23.16 2 2
bitmap-usage/handlers-roaring64/search-price.go:27.2,28.16 2 1
bitmap-usage/handlers-roaring64/search-price.go:33.2,34.18 2 1
bitmap-usage/handlers-roaring64/search-price.go:39.2,41.16 3 1
bitmap-usage/handlers-roaring64/search-price.go:16.16,19.3 2 0
bitmap-usage/handlers-roaring64/search-price.go:23.16,26.3 2 1
bitmap-usage/handlers-roaring64/search-price.go:28.16,32.3 3 0
bitmap-usage/handlers-roaring64/search-price.go:34.18,38.3 3 0
bitmap-usage/handlers-roaring64/search-price.go:41.16,45.3 3 0
bitmap-usage/handlers-roaring64/search-price_helper.go:16.46,30.2 7 2
bitmap-usage/handlers-roaring64/search-price_helper.go:32.89,51.2 13 1
bitmap-usage/handlers-roaring64/search-price_helper.go:53.93,67.2 8 1
bitmap-usage/handlers-sroar/aggregate-bitmap.go:20.62,23.2 2 2
bitmap-usage/handlers-sroar/search-price.go:10.89,16.16 4 2
bitmap-usage/handlers-sroar/search-price.go:21.2,23.16 2 2
bitmap-usage/handlers-sroar/search-price.go:27.2,28.16 2 1
bitmap-usage/handlers-sroar/search-price.go:33.2,34.18 2 1
bitmap-usage/handlers-sroar/search-price.go:39.2,41.16 3 1
bitmap-usage/handlers-sroar/search-price.go:16.16,19.3 2 0
bitmap-usage/handlers-sroar/search-price.go:23.16,26.3 2 1
bitmap-usage/handlers-sroar/search-price.go:28.16,32.3 3 0
bitmap-usage/handlers-sroar/search-price.go:34.18,38.3 3 0
bitmap-usage/handlers-sroar/search-price.go:41.16,45.3 3 0
bitmap-usage/handlers-sroar/search-price_helper.go:16.46,30.2 7 2
bitmap-usage/handlers-sroar/search-price_helper.go:32.89,51.2 13 1
bitmap-usage/handlers-sroar/search-price_helper.go:53.93,67.2 8 1
bitmap-usage/handlers-map/aggregate-map.go:18.54,21.2 2 4
bitmap-usage/handlers-map/search-price-bulk-v2.go:11.92,17.16 4 0
bitmap-usage/handlers-map/search-price-bulk-v2.go:21.2,27.42 5 0
bitmap-usage/handlers-map/search-price-bulk-v2.go:45.2,45.33 1 0
bitmap-usage/handlers-map/search-price-bulk-v2.go:49.2,50.16 2 0
bitmap-usage/handlers-map/search-price-bulk-v2.go:17.16,20.3 2 0
bitmap-usage/handlers-map/search-price-bulk-v2.go:27.42,29.21 2 0
bitmap-usage/handlers-map/search-price-bulk-v2.go:29.21,33.18 2 0
bitmap-usage/handlers-map/search-price-bulk-v2.go:36.4,36.20 1 0
bitmap-usage/handlers-map/search-price-bulk-v2.go:41.4,41.14 1 0
bitmap-usage/handlers-map/search-price-bulk-v2.go:33.18,35.5 1 0
bitmap-usage/handlers-map/search-price-bulk-v2.go:36.20,38.5 1 0
bitmap-usage/handlers-map/search-price-bulk-v2.go:38.10,40.5 1 0
bitmap-usage/handlers-map/search-price-bulk-v2.go:45.33,48.3 2 0
bitmap-usage/handlers-map/search-price-bulk-v2.go:50.16,54.3 3 0
bitmap-usage/handlers-map/search-price-bulk-v4.go:19.92,22.20 3 0
bitmap-usage/handlers-map/search-price-bulk-v4.go:32.2,37.16 4 0
bitmap-usage/handlers-map/search-price-bulk-v4.go:41.2,50.42 5 0
bitmap-usage/handlers-map/search-price-bulk-v4.go:70.2,70.33 1 0
bitmap-usage/handlers-map/search-price-bulk-v4.go:75.2,76.16 2 0
bitmap-usage/handlers-map/search-price-bulk-v4.go:22.20,24.17 2 0
bitmap-usage/handlers-map/search-price-bulk-v4.go:24.17,27.4 2 0
bitmap-usage/handlers-map/search-price-bulk-v4.go:27.9,29.4 1 0
bitmap-usage/handlers-map/search-price-bulk-v4.go:37.16,40.3 2 0
bitmap-usage/handlers-map/search-price-bulk-v4.go:50.42,52.21 2 0
bitmap-usage/handlers-map/search-price-bulk-v4.go:52.21,55.18 2 0
bitmap-usage/handlers-map/search-price-bulk-v4.go:59.4,59.20 1 0
bitmap-usage/handlers-map/search-price-bulk-v4.go:66.4,66.14 1 0
bitmap-usage/handlers-map/search-price-bulk-v4.go:55.18,58.5 2 0
bitmap-usage/handlers-map/search-price-bulk-v4.go:59.20,61.5 1 0
bitmap-usage/handlers-map/search-price-bulk-v4.go:61.10,64.5 2 0
bitmap-usage/handlers-map/search-price-bulk-v4.go:70.33,74.3 1 0
bitmap-usage/handlers-map/search-price-bulk-v4.go:76.16,80.3 3 0
bitmap-usage/handlers-map/search-price-bulk.go:15.90,21.16 4 0
bitmap-usage/handlers-map/search-price-bulk.go:25.2,28.57 3 0
bitmap-usage/handlers-map/search-price-bulk.go:21.16,24.3 2 0
bitmap-usage/handlers-map/search-price-bulk.go:28.57,31.13 2 0
bitmap-usage/handlers-map/search-price-bulk.go:38.3,40.47 3 0
bitmap-usage/handlers-map/search-price-bulk.go:53.3,53.24 1 0
bitmap-usage/handlers-map/search-price-bulk.go:31.13,32.44 1 0
bitmap-usage/handlers-map/search-price-bulk.go:32.44,35.5 2 0
bitmap-usage/handlers-map/search-price-bulk.go:40.47,44.18 3 0
bitmap-usage/handlers-map/search-price-bulk.go:49.4,49.15 1 0
bitmap-usage/handlers-map/search-price-bulk.go:44.18,47.5 2 0
bitmap-usage/handlers-map/search-price-bulk.go:49.15,51.5 1 0
bitmap-usage/handlers-map/search-price-bulk.go:54.8,57.54 2 0
bitmap-usage/handlers-map/search-price-bulk.go:78.3,78.24 1 0
bitmap-usage/handlers-map/search-price-bulk.go:57.54,60.18 2 0
bitmap-usage/handlers-map/search-price-bulk.go:68.4,69.18 2 0
bitmap-usage/handlers-map/search-price-bulk.go:74.4,74.37 1 0
bitmap-usage/handlers-map/search-price-bulk.go:60.18,61.49 1 0
bitmap-usage/handlers-map/search-price-bulk.go:61.49,63.6 1 0
bitmap-usage/handlers-map/search-price-bulk.go:63.11,66.6 2 0
bitmap-usage/handlers-map/search-price-bulk.go:69.18,72.5 2 0
bitmap-usage/handlers-map/search-price-bulk.go:74.37,76.5 1 0
bitmap-usage/handlers-map/search-price-bulk.go:87.40,88.6 1 0
bitmap-usage/handlers-map/search-price-bulk.go:88.6,93.17 3 0
bitmap-usage/handlers-map/search-price-bulk.go:96.3,96.19 1 0
bitmap-usage/handlers-map/search-price-bulk.go:101.3,101.12 1 0
bitmap-usage/handlers-map/search-price-bulk.go:93.17,95.4 1 0
bitmap-usage/handlers-map/search-price-bulk.go:96.19,98.4 1 0
bitmap-usage/handlers-map/search-price-bulk.go:98.9,100.4 1 0
bitmap-usage/handlers-map/search-price-bulk.go:109.20,110.35 1 0
bitmap-usage/handlers-map/search-price-bulk.go:110.35,113.17 2 0
bitmap-usage/handlers-map/search-price-bulk.go:116.3,116.19 1 0
bitmap-usage/handlers-map/search-price-bulk.go:113.17,115.4 1 0
bitmap-usage/handlers-map/search-price-bulk.go:116.19,118.4 1 0
bitmap-usage/handlers-map/search-price-bulk.go:118.9,120.4 1 0
bitmap-usage/handlers-map/search-price-bulk.go:127.49,128.34 1 0
bitmap-usage/handlers-map/search-price-bulk.go:128.34,132.17 3 0
bitmap-usage/handlers-map/search-price-bulk.go:135.3,135.19 1 0
bitmap-usage/handlers-map/search-price-bulk.go:132.17,134.4 1 0
bitmap-usage/handlers-map/search-price-bulk.go:135.19,137.4 1 0
bitmap-usage/handlers-map/search-price-bulk.go:137.9,139.4 1 0
bitmap-usage/handlers-map/search-price-ugorji.go:10.92,17.16 6 2
bitmap-usage/handlers-map/search-price-ugorji.go:22.2,24.16 2 2
bitmap-usage/handlers-map/search-price-ugorji.go:28.2,30.16 3 1
bitmap-usage/handlers-map/search-price-ugorji.go:17.16,20.3 2 0
bitmap-usage/handlers-map/search-price-ugorji.go:24.16,27.3 2 1
bitmap-usage/handlers-map/search-price-ugorji.go:30.16,34.3 3 0
bitmap-usage/handlers-map/search-price.go:12.86,18.16 4 2
bitmap-usage/handlers-map/search-price.go:23.2,25.16 2 2
bitmap-usage/handlers-map/search-price.go:29.2,31.16 3 1
bitmap-usage/handlers-map/search-price.go:18.16,21.3 2 0
bitmap-usage/handlers-map/search-price.go:25.16,28.3 2 1
bitmap-usage/handlers-map/search-price.go:31.16,35.3 3 0
bitmap-usage/handlers-map/search-price.go:38.80,42.16 3 0
bitmap-usage/handlers-map/search-price.go:48.2,50.16 2 0
bitmap-usage/handlers-map/search-price.go:55.2,57.16 3 0
bitmap-usage/handlers-map/search-price.go:42.16,46.3 2 0
bitmap-usage/handlers-map/search-price.go:50.16,54.3 3 0
bitmap-usage/handlers-map/search-price.go:57.16,61.3 3 0
bitmap-usage/handlers-map/search-price.go:64.71,68.16 3 0
bitmap-usage/handlers-map/search-price.go:74.2,76.16 2 0
bitmap-usage/handlers-map/search-price.go:81.2,83.16 3 0
bitmap-usage/handlers-map/search-price.go:88.2,88.12 1 0
bitmap-usage/handlers-map/search-price.go:68.16,72.3 2 0
bitmap-usage/handlers-map/search-price.go:76.16,80.3 3 0
bitmap-usage/handlers-map/search-price.go:83.16,87.3 3 0
bitmap-usage/handlers-map/search-price_helper.go:16.40,30.2 7 4
bitmap-usage/handlers-map/search-price_helper.go:32.93,46.2 8 2
bitmap-usage/handlers-map/search-price_helper.go:48.96,67.2 13 2
bitmap-usage/handlers-kelindar/aggregate-bitmap.go:20.52,23.2 2 6
bitmap-usage/handlers-kelindar/search-price-bulk-v2.go:11.95,17.16 4 0
bitmap-usage/handlers-kelindar/search-price-bulk-v2.go:21.2,27.42 5 0
bitmap-usage/handlers-kelindar/search-price-bulk-v2.go:52.2,52.33 1 0
bitmap-usage/handlers-kelindar/search-price-bulk-v2.go:56.2,57.16 2 0
bitmap-usage/handlers-kelindar/search-price-bulk-v2.go:17.16,20.3 2 0
bitmap-usage/handlers-kelindar/search-price-bulk-v2.go:27.42,29.21 2 0
bitmap-usage/handlers-kelindar/search-price-bulk-v2.go:29.21,33.18 2 0
bitmap-usage/handlers-kelindar/search-price-bulk-v2.go:48.4,48.14 1 0
bitmap-usage/handlers-kelindar/search-price-bulk-v2.go:33.18,35.5 1 0
bitmap-usage/handlers-kelindar/search-price-bulk-v2.go:35.10,37.19 2 0
bitmap-usage/handlers-kelindar/search-price-bulk-v2.go:37.19,39.6 1 0
bitmap-usage/handlers-kelindar/search-price-bulk-v2.go:39.11,41.22 2 0
bitmap-usage/handlers-kelindar/search-price-bulk-v2.go:41.22,43.7 1 0
bitmap-usage/handlers-kelindar/search-price-bulk-v2.go:43.12,45.7 1 0
bitmap-usage/handlers-kelindar/search-price-bulk-v2.go:52.33,55.3 2 0
bitmap-usage/handlers-kelindar/search-price-bulk-v2.go:57.16,61.3 3 0
bitmap-usage/handlers-kelindar/search-price-bulk-v4.go:21.95,24.20 3 0
bitmap-usage/handlers-kelindar/search-price-bulk-v4.go:34.2,39.16 4 0
bitmap-usage/handlers-kelindar/search-price-bulk-v4.go:43.2,52.42 5 0
bitmap-usage/handlers-kelindar/search-price-bulk-v4.go:78.2,78.33 1 0
bitmap-usage/handlers-kelindar/search-price-bulk-v4.go:83.2,84.16 2 0
bitmap-usage/handlers-kelindar/search-price-bulk-v4.go:24.20,26.17 2 0
bitmap-usage/handlers-kelindar/search-price-bulk-v4.go:26.17,29.4 2 0
bitmap-usage/handlers-kelindar/search-price-bulk-v4.go:29.9,31.4 1 0
bitmap-usage/handlers-kelindar/search-price-bulk-v4.go:39.16,42.3 2 0
bitmap-usage/handlers-kelindar/search-price-bulk-v4.go:52.42,54.21 2 0
bitmap-usage/handlers-kelindar/search-price-bulk-v4.go:54.21,57.18 2 0
bitmap-usage/handlers-kelindar/search-price-bulk-v4.go:61.4,62.18 2 0
bitmap-usage/handlers-kelindar/search-price-bulk-v4.go:66.4,67.20 2 0
bitmap-usage/handlers-kelindar/search-price-bulk-v4.go:74.4,74.14 1 0
bitmap-usage/handlers-kelindar/search-price-bulk-v4.go:57.18,60.5 2 0
bitmap-usage/handlers-kelindar/search-price-bulk-v4.go:62.18,65.5 2 0
bitmap-usage/handlers-kelindar/search-price-bulk-v4.go:67.20,69.5 1 0
bitmap-usage/handlers-kelindar/search-price-bulk-v4.go:69.10,72.5 2 0
bitmap-usage/handlers-kelindar/search-price-bulk-v4.go:78.33,82.3 1 0
bitmap-usage/handlers-kelindar/search-price-bulk-v4.go:84.16,88.3 3 0
bitmap-usage/handlers-kelindar/search-price-bulk-v4.go:98.82,101.20 3 0
bitmap-usage/handlers-kelindar/search-price-bulk-v4.go:113.2,116.16 3 0
bitmap-usage/handlers-kelindar/search-price-bulk-v4.go:122.2,127.42 4 0
bitmap-usage/handlers-kelindar/search-price-bulk-v4.go:153.2,153.33 1 0
bitmap-usage/handlers-kelindar/search-price-bulk-v4.go:158.2,159.16 2 0
bitmap-usage/handlers-kelindar/search-price-bulk-v4.go:164.2,166.12 2 0
bitmap-usage/handlers-kelindar/search-price-bulk-v4.go:101.20,103.17 2 0
bitmap-usage/handlers-kelindar/search-price-bulk-v4.go:103.17,106.4 1 0
bitmap-usage/handlers-kelindar/search-price-bulk-v4.go:106.9,108.4 1 0
bitmap-usage/handlers-kelindar/search-price-bulk-v4.go:116.16,119.3 1 0
bitmap-usage/handlers-kelindar/search-price-bulk-v4.go:127.42,129.21 2 0
bitmap-usage/handlers-kelindar/search-price-bulk-v4.go:129.21,132.18 2 0
bitmap-usage/handlers-kelindar/search-price-bulk-v4.go:136.4,137.18 2 0
bitmap-usage/handlers-kelindar/search-price-bulk-v4.go:141.4,142.20 2 0
bitmap-usage/handlers-kelindar/search-price-bulk-v4.go:149.4,149.14 1 0
bitmap-usage/handlers-kelindar/search-price-bulk-v4.go:132.18,135.5 2 0
bitmap-usage/handlers-kelindar/search-price-bulk-v4.go:137.18,140.5 2 0
bitmap-usage/handlers-kelindar/search-price-bulk-v4.go:142.20,144.5 1 0
bitmap-usage/handlers-kelindar/search-price-bulk-v4.go:144.10,147.5 2 0
bitmap-usage/handlers-kelindar/search-price-bulk-v4.go:153.33,157.3 1 0
bitmap-usage/handlers-kelindar/search-price-bulk-v4.go:159.16,163.3 2 0
bitmap-usage/handlers-kelindar/search-price-bulk-v4.go:176.89,179.20 3 0
bitmap-usage/handlers-kelindar/search-price-bulk-v4.go:191.2,195.16 4 0
bitmap-usage/handlers-kelindar/search-price-bulk-v4.go:201.2,206.42 4 0
bitmap-usage/handlers-kelindar/search-price-bulk-v4.go:232.2,232.33 1 0
bitmap-usage/handlers-kelindar/search-price-bulk-v4.go:237.2,240.16 4 0
bitmap-usage/handlers-kelindar/search-price-bulk-v4.go:245.2,247.12 2 0
bitmap-usage/handlers-kelindar/search-price-bulk-v4.go:179.20,181.17 2 0
bitmap-usage/handlers-kelindar/search-price-bulk-v4.go:181.17,184.4 1 0
bitmap-usage/handlers-kelindar/search-price-bulk-v4.go:184.9,186.4 1 0
bitmap-usage/handlers-kelindar/search-price-bulk-v4.go:195.16,198.3 1 0
bitmap-usage/handlers-kelindar/search-price-bulk-v4.go:206.42,208.21 2 0
bitmap-usage/handlers-kelindar/search-price-bulk-v4.go:208.21,211.18 2 0
bitmap-usage/handlers-kelindar/search-price-bulk-v4.go:215.4,216.18 2 0
bitmap-usage/handlers-kelindar/search-price-bulk-v4.go:220.4,221.20 2 0
bitmap-usage/handlers-kelindar/search-price-bulk-v4.go:228.4,228.14 1 0
bitmap-usage/handlers-kelindar/search-price-bulk-v4.go:211.18,214.5 2 0
bitmap-usage/handlers-kelindar/search-price-bulk-v4.go:216.18,219.5 2 0
bitmap-usage/handlers-kelindar/search-price-bulk-v4.go:221.20,223.5 1 0
bitmap-usage/handlers-kelindar/search-price-bulk-v4.go:223.10,226.5 2 0
bitmap-usage/handlers-kelindar/search-price-bulk-v4.go:232.33,236.3 1 0
bitmap-usage/handlers-kelindar/search-price-bulk-v4.go:240.16,244.3 2 0
bitmap-usage/handlers-kelindar/search-price-bulk.go:15.93,21.16 4 0
bitmap-usage/handlers-kelindar/search-price-bulk.go:26.2,29.57 3 0
bitmap-usage/handlers-kelindar/search-price-bulk.go:21.16,24.3 2 0
bitmap-usage/handlers-kelindar/search-price-bulk.go:29.57,32.13 2 0
bitmap-usage/handlers-kelindar/search-price-bulk.go:39.3,41.47 3 0
bitmap-usage/handlers-kelindar/search-price-bulk.go:54.3,54.24 1 0
bitmap-usage/handlers-kelindar/search-price-bulk.go:32.13,33.44 1 0
bitmap-usage/handlers-kelindar/search-price-bulk.go:33.44,36.5 2 0
bitmap-usage/handlers-kelindar/search-price-bulk.go:41.47,45.18 3 0
bitmap-usage/handlers-kelindar/search-price-bulk.go:50.4,50.15 1 0
bitmap-usage/handlers-kelindar/search-price-bulk.go:45.18,48.5 2 0
bitmap-usage/handlers-kelindar/search-price-bulk.go:50.15,52.5 1 0
bitmap-usage/handlers-kelindar/search-price-bulk.go:55.8,58.54 2 0
bitmap-usage/handlers-kelindar/search-price-bulk.go:93.3,93.24 1 0
bitmap-usage/handlers-kelindar/search-price-bulk.go:58.54,62.18 3 0
bitmap-usage/handlers-kelindar/search-price-bulk.go:83.4,84.18 2 0
bitmap-usage/handlers-kelindar/search-price-bulk.go:89.4,89.37 1 0
bitmap-usage/handlers-kelindar/search-price-bulk.go:62.18,63.49 1 0
bitmap-usage/handlers-kelindar/search-price-bulk.go:63.49,65.6 1 0
bitmap-usage/handlers-kelindar/search-price-bulk.go:65.11,68.6 2 0
bitmap-usage/handlers-kelindar/search-price-bulk.go:69.10,71.19 2 0
bitmap-usage/handlers-kelindar/search-price-bulk.go:76.5,77.21 2 0
bitmap-usage/handlers-kelindar/search-price-bulk.go:71.19,75.6 3 0
bitmap-usage/handlers-kelindar/search-price-bulk.go:77.21,81.6 3 0
bitmap-usage/handlers-kelindar/search-price-bulk.go:84.18,87.5 2 0
bitmap-usage/handlers-kelindar/search-price-bulk.go:89.37,91.5 1 0
bitmap-usage/handlers-kelindar/search-price-bulk.go:102.40,103.6 1 0
bitmap-usage/handlers-kelindar/search-price-bulk.go:103.6,108.17 3 0
bitmap-usage/handlers-kelindar/search-price-bulk.go:123.3,123.12 1 0
bitmap-usage/handlers-kelindar/search-price-bulk.go:108.17,110.4 1 0
bitmap-usage/handlers-kelindar/search-price-bulk.go:110.9,112.18 2 0
bitmap-usage/handlers-kelindar/search-price-bulk.go:112.18,114.5 1 0
bitmap-usage/handlers-kelindar/search-price-bulk.go:114.10,116.21 2 0
bitmap-usage/handlers-kelindar/search-price-bulk.go:116.21,118.6 1 0
bitmap-usage/handlers-kelindar/search-price-bulk.go:118.11,120.6 1 0
bitmap-usage/handlers-kelindar/search-price-bulk.go:130.52,131.34 1 0
bitmap-usage/handlers-kelindar/search-price-bulk.go:131.34,135.17 3 0
bitmap-usage/handlers-kelindar/search-price-bulk.go:135.17,137.4 1 0
bitmap-usage/handlers-kelindar/search-price-bulk.go:137.9,139.18 2 0
bitmap-usage/handlers-kelindar/search-price-bulk.go:139.18,141.5 1 0
bitmap-usage/handlers-kelindar/search-price-bulk.go:141.10,143.21 2 0
bitmap-usage/handlers-kelindar/search-price-bulk.go:143.21,145.6 1 0
bitmap-usage/handlers-kelindar/search-price-bulk.go:145.11,147.6 1 0
bitmap-usage/handlers-kelindar/search-price-jsoniter.go:11.97,20.16 5 2
bitmap-usage/handlers-kelindar/search-price-jsoniter.go:25.2,27.16 2 2
bitmap-usage/handlers-kelindar/search-price-jsoniter.go:31.2,32.16 2 1
bitmap-usage/handlers-kelindar/search-price-jsoniter.go:37.2,38.18 2 1
bitmap-usage/handlers-kelindar/search-price-jsoniter.go:43.2,44.16 2 1
bitmap-usage/handlers-kelindar/search-price-jsoniter.go:49.2,49.19 1 1
bitmap-usage/handlers-kelindar/search-price-jsoniter.go:20.16,23.3 2 0
bitmap-usage/handlers-kelindar/search-price-jsoniter.go:27.16,30.3 2 1
bitmap-usage/handlers-kelindar/search-price-jsoniter.go:32.16,36.3 3 0
bitmap-usage/handlers-kelindar/search-price-jsoniter.go:38.18,42.3 3 0
bitmap-usage/handlers-kelindar/search-price-jsoniter.go:44.16,48.3 3 0
bitmap-usage/handlers-kelindar/search-price-ugorji.go:12.83,17.16 4 0
bitmap-usage/handlers-kelindar/search-price-ugorji.go:22.2,24.16 2 0
bitmap-usage/handlers-kelindar/search-price-ugorji.go:28.2,29.16 2 0
bitmap-usage/handlers-kelindar/search-price-ugorji.go:34.2,35.18 2 0
bitmap-usage/handlers-kelindar/search-price-ugorji.go:40.2,44.16 4 0
bitmap-usage/handlers-kelindar/search-price-ugorji.go:49.2,50.16 2 0
bitmap-usage/handlers-kelindar/search-price-ugorji.go:55.2,55.12 1 0
bitmap-usage/handlers-kelindar/search-price-ugorji.go:17.16,20.3 1 0
bitmap-usage/handlers-kelindar/search-price-ugorji.go:24.16,27.3 1 0
bitmap-usage/handlers-kelindar/search-price-ugorji.go:29.16,33.3 2 0
bitmap-usage/handlers-kelindar/search-price-ugorji.go:35.18,39.3 2 0
bitmap-usage/handlers-kelindar/search-price-ugorji.go:44.16,48.3 2 0
bitmap-usage/handlers-kelindar/search-price-ugorji.go:50.16,54.3 2 0
bitmap-usage/handlers-kelindar/search-price-ugorji.go:57.96,62.16 4 2
bitmap-usage/handlers-kelindar/search-price-ugorji.go:67.2,69.16 2 2
bitmap-usage/handlers-kelindar/search-price-ugorji.go:73.2,74.16 2 1
bitmap-usage/handlers-kelindar/search-price-ugorji.go:79.2,80.18 2 1
bitmap-usage/handlers-kelindar/search-price-ugorji.go:85.2,88.16 3 1
bitmap-usage/handlers-kelindar/search-price-ugorji.go:62.16,65.3 2 0
bitmap-usage/handlers-kelindar/search-price-ugorji.go:69.16,72.3 2 1
bitmap-usage/handlers-kelindar/search-price-ugorji.go:74.16,78.3 3 0
bitmap-usage/handlers-kelindar/search-price-ugorji.go:80.18,84.3 3 0
bitmap-usage/handlers-kelindar/search-price-ugorji.go:88.16,92.3 3 0
bitmap-usage/handlers-kelindar/search-price.go:11.89,17.16 4 2
bitmap-usage/handlers-kelindar/search-price.go:22.2,24.16 2 2
bitmap-usage/handlers-kelindar/search-price.go:28.2,29.16 2 1
bitmap-usage/handlers-kelindar/search-price.go:34.2,35.18 2 1
bitmap-usage/handlers-kelindar/search-price.go:40.2,42.16 3 1
bitmap-usage/handlers-kelindar/search-price.go:17.16,20.3 2 0
bitmap-usage/handlers-kelindar/search-price.go:24.16,27.3 2 1
bitmap-usage/handlers-kelindar/search-price.go:29.16,33.3 3 0
bitmap-usage/handlers-kelindar/search-price.go:35.18,39.3 3 0
bitmap-usage/handlers-kelindar/search-price.go:42.16,46.3 3 0
bitmap-usage/handlers-kelindar/search-price.go:49.74,53.16 3 0
bitmap-usage/handlers-kelindar/search-price.go:58.2,60.16 2 0
bitmap-usage/handlers-kelindar/search-price.go:65.2,66.16 2 0
bitmap-usage/handlers-kelindar/search-price.go:72.2,73.18 2 0
bitmap-usage/handlers-kelindar/search-price.go:79.2,82.16 3 0
bitmap-usage/handlers-kelindar/search-price.go:88.2,88.12 1 0
bitmap-usage/handlers-kelindar/search-price.go:53.16,56.3 1 0
bitmap-usage/handlers-kelindar/search-price.go:60.16,64.3 2 0
bitmap-usage/handlers-kelindar/search-price.go:66.16,71.3 3 0
bitmap-usage/handlers-kelindar/search-price.go:73.18,78.3 3 0
bitmap-usage/handlers-kelindar/search-price.go:82.16,87.3 3 0
bitmap-usage/handlers-kelindar/search-price_helper.go:16.46,30.2 7 6
bitmap-usage/handlers-kelindar/search-price_helper.go:32.89,51.2 13 3
bitmap-usage/handlers-kelindar/search-price_helper.go:53.93,67.2 8 3
bitmap-usage/index-map/indexer.go:8.63,10.44 2 36
bitmap-usage/index-map/indexer.go:17.2,17.32 1 36
bitmap-usage/index-map/indexer.go:10.44,11.55 1 68
bitmap-usage/index-map/indexer.go:11.55,13.4 1 37
bitmap-usage/index-map/indexer.go:13.9,15.4 1 31
bitmap-usage/index-map/model.go:14.52,16.2 1 34
bitmap-usage/index-map/optimization.go:51.77,54.44 2 24
bitmap-usage/index-map/optimization.go:61.2,64.48 4 24
bitmap-usage/index-map/optimization.go:107.2,109.16 2 24
bitmap-usage/index-map/optimization.go:113.2,113.15 1 0
bitmap-usage/index-map/optimization.go:54.44,55.55 1 51
bitmap-usage/index-map/optimization.go:55.55,57.4 1 26
bitmap-usage/index-map/optimization.go:57.9,59.4 1 25
bitmap-usage/index-map/optimization.go:64.48,69.26 3 26
bitmap-usage/index-map/optimization.go:78.3,81.26 3 26
bitmap-usage/index-map/optimization.go:104.3,105.37 2 26
bitmap-usage/index-map/optimization.go:69.26,70.34 1 51
bitmap-usage/index-map/optimization.go:70.34,71.29 1 76
bitmap-usage/index-map/optimization.go:71.29,74.6 2 45
bitmap-usage/index-map/optimization.go:81.26,82.34 1 51
bitmap-usage/index-map/optimization.go:102.4,102.21 1 51
bitmap-usage/index-map/optimization.go:82.34,83.34 1 37
bitmap-usage/index-map/optimization.go:83.34,88.6 3 52
bitmap-usage/index-map/optimization.go:89.10,94.42 4 14
bitmap-usage/index-map/optimization.go:99.5,100.32 2 14
bitmap-usage/index-map/optimization.go:94.42,98.6 3 24
bitmap-usage/index-map/optimization.go:109.16,111.3 1 24
bitmap-usage/index-map/search.go:15.59,22.73 6 34
bitmap-usage/index-map/search.go:44.2,44.42 1 34
bitmap-usage/index-map/search.go:91.2,91.15 1 25
bitmap-usage/index-map/search.go:94.2,94.37 1 9
bitmap-usage/index-map/search.go:97.2,97.104 1 5
bitmap-usage/index-map/search.go:22.73,24.15 2 17
bitmap-usage/index-map/search.go:24.15,25.33 1 16
bitmap-usage/index-map/search.go:25.34,27.5 0 7
bitmap-usage/index-map/search.go:27.10,31.42 2 9
bitmap-usage/index-map/search.go:31.42,34.66 3 2
bitmap-usage/index-map/search.go:38.6,38.27 1 2
bitmap-usage/index-map/search.go:34.66,37.7 2 0
bitmap-usage/index-map/search.go:44.42,48.25 2 55
bitmap-usage/index-map/search.go:48.25,50.28 2 36
bitmap-usage/index-map/search.go:75.4,75.28 1 36
bitmap-usage/index-map/search.go:50.28,52.5 1 10
bitmap-usage/index-map/search.go:52.10,53.37 1 26
bitmap-usage/index-map/search.go:53.37,55.31 2 36
bitmap-usage/index-map/search.go:67.6,67.15 1 36
bitmap-usage/index-map/search.go:55.31,57.7 1 9
bitmap-usage/index-map/search.go:57.12,58.34 1 27
bitmap-usage/index-map/search.go:58.34,59.27 1 36
bitmap-usage/index-map/search.go:59.27,60.38 1 23
bitmap-usage/index-map/search.go:63.9,63.14 1 23
bitmap-usage/index-map/search.go:60.38,62.10 1 17
bitmap-usage/index-map/search.go:67.15,69.7 1 22
bitmap-usage/index-map/search.go:69.12,71.12 2 14
bitmap-usage/index-map/search.go:75.28,77.30 2 22
bitmap-usage/index-map/search.go:80.5,80.18 1 19
bitmap-usage/index-map/search.go:85.5,85.20 1 19
bitmap-usage/index-map/search.go:77.30,79.6 1 3
bitmap-usage/index-map/search.go:80.18,82.6 1 15
bitmap-usage/index-map/search.go:82.11,84.6 1 4
bitmap-usage/index-map/search.go:85.20,87.6 1 6
bitmap-usage/index-map/search.go:91.15,93.3 1 16
bitmap-usage/index-map/search.go:94.37,96.3 1 4
bitmap-usage/handlers-roaring/search-price-jsoniter.go:11.97,20.16 5 2
bitmap-usage/handlers-roaring/search-price-jsoniter.go:25.2,27.16 2 2
bitmap-usage/handlers-roaring/search-price-jsoniter.go:31.2,32.16 2 1
bitmap-usage/handlers-roaring/search-price-jsoniter.go:37.2,38.18 2 1
bitmap-usage/handlers-roaring/search-price-jsoniter.go:43.2,44.16 2 1
bitmap-usage/handlers-roaring/search-price-jsoniter.go:49.2,49.19 1 1
bitmap-usage/handlers-roaring/search-price-jsoniter.go:20.16,23.3 2 0
bitmap-usage/handlers-roaring/search-price-jsoniter.go:27.16,30.3 2 1
bitmap-usage/handlers-roaring/search-price-jsoniter.go:32.16,36.3 3 0
bitmap-usage/handlers-roaring/search-price-jsoniter.go:38.18,42.3 3 0
bitmap-usage/handlers-roaring/search-price-jsoniter.go:44.16,48.3 3 0
bitmap-usage/handlers-roaring/search-price-ugorji.go:12.83,17.16 4 0
bitmap-usage/handlers-roaring/search-price-ugorji.go:22.2,24.16 2 0
bitmap-usage/handlers-roaring/search-price-ugorji.go:28.2,29.16 2 0
bitmap-usage/handlers-roaring/search-price-ugorji.go:34.2,35.18 2 0
bitmap-usage/handlers-roaring/search-price-ugorji.go:40.2,44.16 4 0
bitmap-usage/handlers-roaring/search-price-ugorji.go:49.2,50.16 2 0
bitmap-usage/handlers-roaring/search-price-ugorji.go:55.2,55.12 1 0
bitmap-usage/handlers-roaring/search-price-ugorji.go:17.16,20.3 1 0
bitmap-usage/handlers-roaring/search-price-ugorji.go:24.16,27.3 1 0
bitmap-usage/handlers-roaring/search-price-ugorji.go:29.16,33.3 2 0
bitmap-usage/handlers-roaring/search-price-ugorji.go:35.18,39.3 2 0
bitmap-usage/handlers-roaring/search-price-ugorji.go:44.16,48.3 2 0
bitmap-usage/handlers-roaring/search-price-ugorji.go:50.16,54.3 2 0
bitmap-usage/handlers-roaring/search-price-ugorji.go:57.96,62.16 4 2
bitmap-usage/handlers-roaring/search-price-ugorji.go:67.2,69.16 2 2
bitmap-usage/handlers-roaring/search-price-ugorji.go:73.2,74.16 2 1
bitmap-usage/handlers-roaring/search-price-ugorji.go:79.2,80.18 2 1
bitmap-usage/handlers-roaring/search-price-ugorji.go:85.2,88.16 3 1
bitmap-usage/handlers-roaring/search-price-ugorji.go:62.16,65.3 2 0
bitmap-usage/handlers-roaring/search-price-ugorji.go:69.16,72.3 2 1
bitmap-usage/handlers-roaring/search-price-ugorji.go:74.16,78.3 3 0
bitmap-usage/handlers-roaring/search-price-ugorji.go:80.18,84.3 3 0
bitmap-usage/handlers-roaring/search-price-ugorji.go:88.16,92.3 3 0
bitmap-usage/handlers-roaring/search-price.go:11.89,17.16 4 2
bitmap-usage/handlers-roaring/search-price.go:22.2,24.16 2 2
bitmap-usage/handlers-roaring/search-price.go:28.2,29.16 2 1
bitmap-usage/handlers-roaring/search-price.go:34.2,35.18 2 1
bitmap-usage/handlers-roaring/search-price.go:40.2,42.16 3 1
bitmap-usage/handlers-roaring/search-price.go:17.16,20.3 2 0
bitmap-usage/handlers-roaring/search-price.go:24.16,27.3 2 1
bitmap-usage/handlers-roaring/search-price.go:29.16,33.3 3 0
bitmap-usage/handlers-roaring/search-price.go:35.18,39.3 3 0
bitmap-usage/handlers-roaring/search-price.go:42.16,46.3 3 0
bitmap-usage/handlers-roaring/search-price.go:49.74,53.16 3 0
bitmap-usage/handlers-roaring/search-price.go:58.2,60.16 2 0
bitmap-usage/handlers-roaring/search-price.go:65.2,66.16 2 0
bitmap-usage/handlers-roaring/search-price.go:72.2,73.18 2 0
bitmap-usage/handlers-roaring/search-price.go:79.2,82.16 3 0
bitmap-usage/handlers-roaring/search-price.go:88.2,88.12 1 0
bitmap-usage/handlers-roaring/search-price.go:53.16,56.3 1 0
bitmap-usage/handlers-roaring/search-price.go:60.16,64.3 2 0
bitmap-usage/handlers-roaring/search-price.go:66.16,71.3 3 0
bitmap-usage/handlers-roaring/search-price.go:73.18,78.3 3 0
bitmap-usage/handlers-roaring/search-price.go:82.16,87.3 3 0
bitmap-usage/handlers-roaring/search-price_helper.go:16.46,30.2 7 6
bitmap-usage/handlers-roaring/search-price_helper.go:32.89,51.2 13 3
bitmap-usage/handlers-roaring/search-price_helper.go:53.93,67.2 8 3
bitmap-usage/handlers-roaring/aggregate-bitmap.go:20.64,23.2 2 6
bitmap-usage/handlers-roaring/search-price-bulk-v2.go:11.95,17.16 4 0
bitmap-usage/handlers-roaring/search-price-bulk-v2.go:21.2,27.42 5 0
bitmap-usage/handlers-roaring/search-price-bulk-v2.go:52.2,52.33 1 0
bitmap-usage/handlers-roaring/search-price-bulk-v2.go:56.2,57.16 2 0
bitmap-usage/handlers-roaring/search-price-bulk-v2.go:17.16,20.3 2 0
bitmap-usage/handlers-roaring/search-price-bulk-v2.go:27.42,29.21 2 0
bitmap-usage/handlers-roaring/search-price-bulk-v2.go:29.21,33.18 2 0
bitmap-usage/handlers-roaring/search-price-bulk-v2.go:48.4,48.14 1 0
bitmap-usage/handlers-roaring/search-price-bulk-v2.go:33.18,35.5 1 0
bitmap-usage/handlers-roaring/search-price-bulk-v2.go:35.10,37.19 2 0
bitmap-usage/handlers-roaring/search-price-bulk-v2.go:37.19,39.6 1 0
bitmap-usage/handlers-roaring/search-price-bulk-v2.go:39.11,41.22 2 0
bitmap-usage/handlers-roaring/search-price-bulk-v2.go:41.22,43.7 1 0
bitmap-usage/handlers-roaring/search-price-bulk-v2.go:43.12,45.7 1 0
bitmap-usage/handlers-roaring/search-price-bulk-v2.go:52.33,55.3 2 0
bitmap-usage/handlers-roaring/search-price-bulk-v2.go:57.16,61.3 3 0
bitmap-usage/handlers-roaring/search-price-bulk-v4.go:21.95,24.20 3 0
bitmap-usage/handlers-roaring/search-price-bulk-v4.go:34.2,39.16 4 0
bitmap-usage/handlers-roaring/search-price-bulk-v4.go:43.2,52.42 5 0
bitmap-usage/handlers-roaring/search-price-bulk-v4.go:78.2,78.33 1 0
bitmap-usage/handlers-roaring/search-price-bulk-v4.go:83.2,84.16 2 0
bitmap-usage/handlers-roaring/search-price-bulk-v4.go:24.20,26.17 2 0
bitmap-usage/handlers-roaring/search-price-bulk-v4.go:26.17,29.4 2 0
bitmap-usage/handlers-roaring/search-price-bulk-v4.go:29.9,31.4 1 0
bitmap-usage/handlers-roaring/search-price-bulk-v4.go:39.16,42.3 2 0
bitmap-usage/handlers-roaring/search-price-bulk-v4.go:52.42,54.21 2 0
bitmap-usage/handlers-roaring/search-price-bulk-v4.go:54.21,57.18 2 0
bitmap-usage/handlers-roaring/search-price-bulk-v4.go:61.4,62.18 2 0
bitmap-usage/handlers-roaring/search-price-bulk-v4.go:66.4,67.20 2 0
bitmap-usage/handlers-roaring/search-price-bulk-v4.go:74.4,74.14 1 0
bitmap-usage/handlers-roaring/search-price-bulk-v4.go:57.18,60.5 2 0
bitmap-usage/handlers-roaring/search-price-bulk-v4.go:62.18,65.5 2 0
bitmap-usage/handlers-roaring/search-price-bulk-v4.go:67.20,69.5 1 0
bitmap-usage/handlers-roaring/search-price-bulk-v4.go:69.10,72.5 2 0
bitmap-usage/handlers-roaring/search-price-bulk-v4.go:78.33,82.3 1 0
bitmap-usage/handlers-roaring/search-price-bulk-v4.go:84.16,88.3 3 0
bitmap-usage/handlers-roaring/search-price-bulk-v4.go:98.82,101.20 3 0
bitmap-usage/handlers-roaring/search-price-bulk-v4.go:113.2,116.16 3 0
bitmap-usage/handlers-roaring/search-price-bulk-v4.go:122.2,127.42 4 0
bitmap-usage/handlers-roaring/search-price-bulk-v4.go:153.2,153.33 1 0
bitmap-usage/handlers-roaring/search-price-bulk-v4.go:158.2,159.16 2 0
bitmap-usage/handlers-roaring/search-price-bulk-v4.go:164.2,166.12 2 0
bitmap-usage/handlers-roaring/search-price-bulk-v4.go:101.20,103.17 2 0
bitmap-usage/handlers-roaring/search-price-bulk-v4.go:103.17,106.4 1 0
bitmap-usage/handlers-roaring/search-price-bulk-v4.go:106.9,108.4 1 0
bitmap-usage/handlers-roaring/search-price-bulk-v4.go:116.16,119.3 1 0
bitmap-usage/handlers-roaring/search-price-bulk-v4.go:127.42,129.21 2 0
bitmap-usage/handlers-roaring/search-price-bulk-v4.go:129.21,132.18 2 0
bitmap-usage/handlers-roaring/search-price-bulk-v4.go:136.4,137.18 2 0
bitmap-usage/handlers-roaring/search-price-bulk-v4.go:141.4,142.20 2 0
bitmap-usage/handlers-roaring/search-price-bulk-v4.go:149.4,149.14 1 0
bitmap-usage/handlers-roaring/search-price-bulk-v4.go:132.18,135.5 2 0
bitmap-usage/handlers-roaring/search-price-bulk-v4.go:137.18,140.5 2 0
bitmap-usage/handlers-roaring/search-price-bulk-v4.go:142.20,144.5 1 0
bitmap-usage/handlers-roaring/search-price-bulk-v4.go:144.10,147.5 2 0
bitmap-usage/handlers-roaring/search-price-bulk-v4.go:153.33,157.3 1 0
bitmap-usage/handlers-roaring/search-price-bulk-v4.go:159.16,163.3 2 0
bitmap-usage/handlers-roaring/search-price-bulk-v4.go:176.89,179.20 3 0
bitmap-usage/handlers-roaring/search-price-bulk-v4.go:191.2,195.16 4 0
bitmap-usage/handlers-roaring/search-price-bulk-v4.go:201.2,206.42 4 0
bitmap-usage/handlers-roaring/search-price-bulk-v4.go:232.2,232.33 1 0
bitmap-usage/handlers-roaring/search-price-bulk-v4.go:237.2,240.16 4 0
bitmap-usage/handlers-roaring/search-price-bulk-v4.go:245.2,247.12 2 0
bitmap-usage/handlers-roaring/search-price-bulk-v4.go:179.20,181.17 2 0
bitmap-usage/handlers-roaring/search-price-bulk-v4.go:181.17,184.4 1 0
bitmap-usage/handlers-roaring/search-price-bulk-v4.go:184.9,186.4 1 0
bitmap-usage/handlers-roaring/search-price-bulk-v4.go:195.16,198.3 1 0
bitmap-usage/handlers-roaring/search-price-bulk-v4.go:206.42,208.21 2 0
bitmap-usage/handlers-roaring/search-price-bulk-v4.go:208.21,211.18 2 0
bitmap-usage/handlers-roaring/search-price-bulk-v4.go:215.4,216.18 2 0
bitmap-usage/handlers-roaring/search-price-bulk-v4.go:220.4,221.20 2 0
bitmap-usage/handlers-roaring/search-price-bulk-v4.go:228.4,228.14 1 0
bitmap-usage/handlers-roaring/search-price-bulk-v4.go:211.18,214.5 2 0
bitmap-usage/handlers-roaring/search-price-bulk-v4.go:216.18,219.5 2 0
bitmap-usage/handlers-roaring/search-price-bulk-v4.go:221.20,223.5 1 0
bitmap-usage/handlers-roaring/search-price-bulk-v4.go:223.10,226.5 2 0
bitmap-usage/handlers-roaring/search-price-bulk-v4.go:232.33,236.3 1 0
bitmap-usage/handlers-roaring/search-price-bulk-v4.go:240.16,244.3 2 0
bitmap-usage/handlers-roaring/search-price-bulk.go:15.93,21.16 4 0
bitmap-usage/handlers-roaring/search-price-bulk.go:26.2,29.57 3 0
bitmap-usage/handlers-roaring/search-price-bulk.go:21.16,24.3 2 0
bitmap-usage/handlers-roaring/search-price-bulk.go:29.57,32.13 2 0
bitmap-usage/handlers-roaring/search-price-bulk.go:39.3,41.47 3 0
bitmap-usage/handlers-roaring/search-price-bulk.go:54.3,54.24 1 0
bitmap-usage/handlers-roaring/search-price-bulk.go:32.13,33.44 1 0
bitmap-usage/handlers-roaring/search-price-bulk.go:33.44,36.5 2 0
bitmap-usage/handlers-roaring/search-price-bulk.go:41.47,45.18 3 0
bitmap-usage/handlers-roaring/search-price-bulk.go:50.4,50.15 1 0
bitmap-usage/handlers-roaring/search-price-bulk.go:45.18,48.5 2 0
bitmap-usage/handlers-roaring/search-price-bulk.go:50.15,52.5 1 0
bitmap-usage/handlers-roaring/search-price-bulk.go:55.8,58.54 2 0
bitmap-usage/handlers-roaring/search-price-bulk.go:93.3,93.24 1 0
bitmap-usage/handlers-roaring/search-price-bulk.go:58.54,62.18 3 0
bitmap-usage/handlers-roaring/search-price-bulk.go:83.4,84.18 2 0
bitmap-usage/handlers-roaring/search-price-bulk.go:89.4,89.37 1 0
bitmap-usage/handlers-roaring/search-price-bulk.go:62.18,63.49 1 0
bitmap-usage/handlers-roaring/search-price-bulk.go:63.49,65.6 1 0
bitmap-usage/handlers-roaring/search-price-bulk.go:65.11,68.6 2 0
bitmap-usage/handlers-roaring/search-price-bulk.go:69.10,71.19 2 0
bitmap-usage/handlers-roaring/search-price-bulk.go:76.5,77.21 2 0
bitmap-usage/handlers-roaring/search-price-bulk.go:71.19,75.6 3 0
bitmap-usage/handlers-roaring/search-price-bulk.go:77.21,81.6 3 0
bitmap-usage/handlers-roaring/search-price-bulk.go:84.18,87.5 2 0
bitmap-usage/handlers-roaring/search-price-bulk.go:89.37,91.5 1 0
bitmap-usage/handlers-roaring/search-price-bulk.go:102.40,103.6 1 0
bitmap-usage/handlers-roaring/search-price-bulk.go:103.6,108.17 3 0
bitmap-usage/handlers-roaring/search-price-bulk.go:123.3,123.12 1 0
bitmap-usage/handlers-roaring/search-price-bulk.go:108.17,110.4 1 0
bitmap-usage/handlers-roaring/search-price-bulk.go:110.9,112.18 2 0
bitmap-usage/handlers-roaring/search-price-bulk.go:112.18,114.5 1 0
bitmap-usage/handlers-roaring/search-price-bulk.go:114.10,116.21 2 0
bitmap-usage/handlers-roaring/search-price-bulk.go:116.21,118.6 1 0
bitmap-usage/handlers-roaring/search-price-bulk.go:118.11,120.6 1 0
bitmap-usage/handlers-roaring/search-price-bulk.go:130.52,131.34 1 0
bitmap-usage/handlers-roaring/search-price-bulk.go:131.34,135.17 3 0
bitmap-usage/handlers-roaring/search-price-bulk.go:135.17,137.4 1 0
bitmap-usage/handlers-roaring/search-price-bulk.go:137.9,139.18 2 0
bitmap-usage/handlers-roaring/search-price-bulk.go:139.18,141.5 1 0
bitmap-usage/handlers-roaring/search-price-bulk.go:141.10,143.21 2 0
bitmap-usage/handlers-roaring/search-price-bulk.go:143.21,145.6 1 0
bitmap-usage/handlers-roaring/search-price-bulk.go:145.11,147.6 1 0
bitmap-usage/index-map64/indexer.go:8.65,10.44 2 36
bitmap-usage/index-map64/indexer.go:17.2,17.32 1 36
bitmap-usage/index-map64/indexer.go:10.44,11.55 1 68
bitmap-usage/index-map64/indexer.go:11.55,13.4 1 37
bitmap-usage/index-map64/indexer.go:13.9,15.4 1 31
bitmap-usage/index-map64/model.go:14.52,16.2 1 34
bitmap-usage/index-map64/optimization.go:51.79,54.44 2 24
bitmap-usage/index-map64/optimization.go:61.2,64.48 4 24
bitmap-usage/index-map64/optimization.go:107.2,109.16 2 24
bitmap-usage/index-map64/optimization.go:113.2,113.15 1 0
bitmap-usage/index-map64/optimization.go:54.44,55.55 1 51
bitmap-usage/index-map64/optimization.go:55.55,57.4 1 26
bitmap-usage/index-map64/optimization.go:57.9,59.4 1 25
bitmap-usage/index-map64/optimization.go:64.48,69.26 3 26
bitmap-usage/index-map64/optimization.go:78.3,81.26 3 26
bitmap-usage/index-map64/optimization.go:104.3,105.37 2 26
bitmap-usage/index-map64/optimization.go:69.26,70.34 1 51
bitmap-usage/index-map64/optimization.go:70.34,71.29 1 76
bitmap-usage/index-map64/optimization.go:71.29,74.6 2 45
bitmap-usage/index-map64/optimization.go:81.26,82.34 1 51
bitmap-usage/index-map64/optimization.go:102.4,102.21 1 51
bitmap-usage/index-map64/optimization.go:82.34,83.34 1 37
bitmap-usage/index-map64/optimization.go:83.34,88.6 3 52
bitmap-usage/index-map64/optimization.go:89.10,94.42 4 14
bitmap-usage/index-map64/optimization.go:99.5,100.32 2 14
bitmap-usage/index-map64/optimization.go:94.42,98.6 3 24
bitmap-usage/index-map64/optimization.go:109.16,111.3 1 24
bitmap-usage/index-map64/search.go:16.63,23.73 6 34
bitmap-usage/index-map64/search.go:37.2,37.42 1 34
bitmap-usage/index-map64/search.go:82.2,82.15 1 25
bitmap-usage/index-map64/search.go:85.2,85.37 1 9
bitmap-usage/index-map64/search.go:88.2,88.106 1 5
bitmap-usage/index-map64/search.go:23.73,25.15 2 17
bitmap-usage/index-map64/search.go:25.15,26.33 1 16
bitmap-usage/index-map64/search.go:26.34,28.5 0 7
bitmap-usage/index-map64/search.go:28.10,30.48 2 9
bitmap-usage/index-map64/search.go:30.48,32.6 1 2
bitmap-usage/index-map64/search.go:37.42,39.77 2 55
bitmap-usage/index-map64/search.go:39.77,41.28 2 36
bitmap-usage/index-map64/search.go:66.4,66.28 1 36
bitmap-usage/index-map64/search.go:41.28,43.5 1 10
bitmap-usage/index-map64/search.go:43.10,44.37 1 26
bitmap-usage/index-map64/search.go:44.37,46.31 2 36
bitmap-usage/index-map64/search.go:58.6,58.15 1 36
bitmap-usage/index-map64/search.go:46.31,48.7 1 9
bitmap-usage/index-map64/search.go:48.12,49.34 1 27
bitmap-usage/index-map64/search.go:49.34,50.27 1 36
bitmap-usage/index-map64/search.go:50.27,51.38 1 23
bitmap-usage/index-map64/search.go:54.9,54.14 1 23
bitmap-usage/index-map64/search.go:51.38,53.10 1 17
bitmap-usage/index-map64/search.go:58.15,60.7 1 22
bitmap-usage/index-map64/search.go:60.12,62.12 2 14
bitmap-usage/index-map64/search.go:66.28,68.30 2 22
bitmap-usage/index-map64/search.go:71.5,71.18 1 19
bitmap-usage/index-map64/search.go:76.5,76.20 1 19
bitmap-usage/index-map64/search.go:68.30,70.6 1 3
bitmap-usage/index-map64/search.go:71.18,73.6 1 15
bitmap-usage/index-map64/search.go:73.11,75.6 1 4
bitmap-usage/index-map64/search.go:76.20,78.6 1 6
bitmap-usage/index-map64/search.go:82.15,84.3 1 16
bitmap-usage/index-map64/search.go:85.37,87.3 1 4
bitmap-usage/validator/validator.go:11.45,14.44 2 8
bitmap-usage/validator/validator.go:22.2,22.41 1 8
bitmap-usage/validator/validator.go:51.2,51.12 1 6
bitmap-usage/validator/validator.go:14.44,15.55 1 15
bitmap-usage/validator/validator.go:15.55,17.4 1 9
bitmap-usage/validator/validator.go:17.9,19.4 1 6
bitmap-usage/validator/validator.go:22.41,24.26 2 9
bitmap-usage/validator/validator.go:24.26,32.34 6 15
bitmap-usage/validator/validator.go:35.4,35.47 1 15
bitmap-usage/validator/validator.go:38.4,38.28 1 15
bitmap-usage/validator/validator.go:42.4,43.39 2 15
bitmap-usage/validator/validator.go:32.34,34.5 1 30
bitmap-usage/validator/validator.go:35.47,37.5 1 15
bitmap-usage/validator/validator.go:38.28,41.5 2 30
bitmap-usage/validator/validator.go:43.39,45.5 1 2
bitmap-usage/validator/validator.go:45.10,47.5 1 13
bitmap-usage/validator/validator.go:64.47,66.2 1 0
bitmap-usage/validator64/validator.go:11.47,14.44 2 8
bitmap-usage/validator64/validator.go:22.2,22.41 1 8
bitmap-usage/validator64/validator.go:51.2,51.12 1 6
bitmap-usage/validator64/validator.go:14.44,15.55 1 15
bitmap-usage/validator64/validator.go:15.55,17.4 1 9
bitmap-usage/validator64/validator.go:17.9,19.4 1 6
bitmap-usage/validator64/validator.go:22.41,24.26 2 9
bitmap-usage/validator64/validator.go:24.26,32.34 6 15
bitmap-usage/validator64/validator.go:35.4,35.47 1 15
bitmap-usage/validator64/validator.go:38.4,38.28 1 15
bitmap-usage/validator64/validator.go:42.4,43.39 2 15
bitmap-usage/validator64/validator.go:32.34,34.5 1 30
bitmap-usage/validator64/validator.go:35.47,37.5 1 15
bitmap-usage/validator64/validator.go:38.28,41.5 2 30
bitmap-usage/validator64/validator.go:43.39,45.5 1 2
bitmap-usage/validator64/validator.go:45.10,47.5 1 13
bitmap-usage/validator64/validator.go:64.47,66.2 1 0
bitmap-usage/model/price-model_codec.go:38.34,38.50 1 0
bitmap-usage/model/price-model_codec.go:39.34,39.49 1 0
bitmap-usage/model/price-model_codec.go:41.13,42.32 1 1
bitmap-usage/model/price-model_codec.go:47.2,47.11 1 1
bitmap-usage/model/price-model_codec.go:42.32,45.107 3 0
bitmap-usage/model/price-model_codec.go:47.11,49.3 1 0
bitmap-usage/model/price-model_codec.go:52.49,52.50 0 0
bitmap-usage/model/price-model_codec.go:53.64,57.41 4 0
bitmap-usage/model/price-model_codec.go:61.2,61.14 1 0
bitmap-usage/model/price-model_codec.go:57.41,60.3 2 0
bitmap-usage/model/price-model_codec.go:61.14,63.3 1 0
bitmap-usage/model/price-model_codec.go:63.8,67.22 4 0
bitmap-usage/model/price-model_codec.go:67.22,78.40 11 0
bitmap-usage/model/price-model_codec.go:89.4,90.40 2 0
bitmap-usage/model/price-model_codec.go:101.4,102.24 2 0
bitmap-usage/model/price-model_codec.go:107.4,108.35 2 0
bitmap-usage/model/price-model_codec.go:113.4,114.22 2 0
bitmap-usage/model/price-model_codec.go:119.4,120.23 2 0
bitmap-usage/model/price-model_codec.go:125.4,133.24 9 0
bitmap-usage/model/price-model_codec.go:78.40,80.5 1 0
bitmap-usage/model/price-model_codec.go:80.10,80.64 1 0
bitmap-usage/model/price-model_codec.go:80.64,82.5 1 0
bitmap-usage/model/price-model_codec.go:82.10,82.28 1 0
bitmap-usage/model/price-model_codec.go:82.28,84.5 1 0
bitmap-usage/model/price-model_codec.go:84.10,84.49 1 0
bitmap-usage/model/price-model_codec.go:84.49,86.5 1 0
bitmap-usage/model/price-model_codec.go:86.10,88.5 1 0
bitmap-usage/model/price-model_codec.go:90.40,92.5 1 0
bitmap-usage/model/price-model_codec.go:92.10,92.62 1 0
bitmap-usage/model/price-model_codec.go:92.62,94.5 1 0
bitmap-usage/model/price-model_codec.go:94.10,94.28 1 0
bitmap-usage/model/price-model_codec.go:94.28,96.5 1 0
bitmap-usage/model/price-model_codec.go:96.10,96.49 1 0
bitmap-usage/model/price-model_codec.go:96.49,98.5 1 0
bitmap-usage/model/price-model_codec.go:98.10,100.5 1 0
bitmap-usage/model/price-model_codec.go:102.24,104.5 1 0
bitmap-usage/model/price-model_codec.go:104.10,106.5 1 0
bitmap-usage/model/price-model_codec.go:108.35,110.5 1 0
bitmap-usage/model/price-model_codec.go:110.10,112.5 1 0
bitmap-usage/model/price-model_codec.go:114.22,116.5 1 0
bitmap-usage/model/price-model_codec.go:116.10,118.5 1 0
bitmap-usage/model/price-model_codec.go:120.23,122.5 1 0
bitmap-usage/model/price-model_codec.go:122.10,124.5 1 0
bitmap-usage/model/price-model_codec.go:134.9,137.24 3 0
bitmap-usage/model/price-model_codec.go:142.4,145.24 4 0
bitmap-usage/model/price-model_codec.go:150.4,153.24 4 0
bitmap-usage/model/price-model_codec.go:158.4,161.24 4 0
bitmap-usage/model/price-model_codec.go:166.4,169.24 4 0
bitmap-usage/model/price-model_codec.go:174.4,175.40 2 0
bitmap-usage/model/price-model_codec.go:186.4,187.24 2 0
bitmap-usage/model/price-model_codec.go:192.4,193.40 2 0
bitmap-usage/model/price-model_codec.go:204.4,205.24 2 0
bitmap-usage/model/price-model_codec.go:210.4,211.24 2 0
bitmap-usage/model/price-model_codec.go:216.4,217.24 2 0
bitmap-usage/model/price-model_codec.go:222.4,223.35 2 0
bitmap-usage/model/price-model_codec.go:228.4,229.24 2 0
bitmap-usage/model/price-model_codec.go:234.4,235.22 2 0
bitmap-usage/model/price-model_codec.go:240.4,241.24 2 0
bitmap-usage/model/price-model_codec.go:246.4,247.23 2 0
bitmap-usage/model/price-model_codec.go:252.4,253.24 2 0
bitmap-usage/model/price-model_codec.go:258.4,261.24 4 0
bitmap-usage/model/price-model_codec.go:266.4,269.24 4 0
bitmap-usage/model/price-model_codec.go:274.4,277.24 4 0
bitmap-usage/model/price-model_codec.go:282.4,284.22 3 0
bitmap-usage/model/price-model_codec.go:137.24,139.5 1 0
bitmap-usage/model/price-model_codec.go:139.10,141.5 1 0
bitmap-usage/model/price-model_codec.go:145.24,147.5 1 0
bitmap-usage/model/price-model_codec.go:147.10,149.5 1 0
bitmap-usage/model/price-model_codec.go:153.24,155.5 1 0
bitmap-usage/model/price-model_codec.go:155.10,157.5 1 0
bitmap-usage/model/price-model_codec.go:161.24,163.5 1 0
bitmap-usage/model/price-model_codec.go:163.10,165.5 1 0
bitmap-usage/model/price-model_codec.go:169.24,171.5 1 0
bitmap-usage/model/price-model_codec.go:171.10,173.5 1 0
bitmap-usage/model/price-model_codec.go:175.40,177.5 1 0
bitmap-usage/model/price-model_codec.go:177.10,177.64 1 0
bitmap-usage/model/price-model_codec.go:177.64,179.5 1 0
bitmap-usage/model/price-model_codec.go:179.10,179.28 1 0
bitmap-usage/model/price-model_codec.go:179.28,181.5 1 0
bitmap-usage/model/price-model_codec.go:181.10,181.49 1 0
bitmap-usage/model/price-model_codec.go:181.49,183.5 1 0
bitmap-usage/model/price-model_codec.go:183.10,185.5 1 0
bitmap-usage/model/price-model_codec.go:187.24,189.5 1 0
bitmap-usage/model/price-model_codec.go:189.10,191.5 1 0
bitmap-usage/model/price-model_codec.go:193.40,195.5 1 0
bitmap-usage/model/price-model_codec.go:195.10,195.62 1 0
bitmap-usage/model/price-model_codec.go:195.62,197.5 1 0
bitmap-usage/model/price-model_codec.go:197.10,197.28 1 0
bitmap-usage/model/price-model_codec.go:197.28,199.5 1 0
bitmap-usage/model/price-model_codec.go:199.10,199.49 1 0
bitmap-usage/model/price-model_codec.go:199.49,201.5 1 0
bitmap-usage/model/price-model_codec.go:201.10,203.5 1 0
bitmap-usage/model/price-model_codec.go:205.24,207.5 1 0
bitmap-usage/model/price-model_codec.go:207.10,209.5 1 0
bitmap-usage/model/price-model_codec.go:211.24,213.5 1 0
bitmap-usage/model/price-model_codec.go:213.10,215.5 1 0
bitmap-usage/model/price-model_codec.go:217.24,219.5 1 0
bitmap-usage/model/price-model_codec.go:219.10,221.5 1 0
bitmap-usage/model/price-model_codec.go:223.35,225.5 1 0
bitmap-usage/model/price-model_codec.go:225.10,227.5 1 0
bitmap-usage/model/price-model_codec.go:229.24,231.5 1 0
bitmap-usage/model/price-model_codec.go:231.10,233.5 1 0
bitmap-usage/model/price-model_codec.go:235.22,237.5 1 0
bitmap-usage/model/price-model_codec.go:237.10,239.5 1 0
bitmap-usage/model/price-model_codec.go:241.24,243.5 1 0
bitmap-usage/model/price-model_codec.go:243.10,245.5 1 0
bitmap-usage/model/price-model_codec.go:247.23,249.5 1 0
bitmap-usage/model/price-model_codec.go:249.10,251.5 1 0
bitmap-usage/model/price-model_codec.go:253.24,255.5 1 0
bitmap-usage/model/price-model_codec.go:255.10,257.5 1 0
bitmap-usage/model/price-model_codec.go:261.24,263.5 1 0
bitmap-usage/model/price-model_codec.go:263.10,265.5 1 0
bitmap-usage/model/price-model_codec.go:269.24,271.5 1 0
bitmap-usage/model/price-model_codec.go:271.10,273.5 1 0
bitmap-usage/model/price-model_codec.go:277.24,279.5 1 0
bitmap-usage/model/price-model_codec.go:279.10,281.5 1 0
bitmap-usage/model/price-model_codec.go:289.64,294.42 5 0
bitmap-usage/model/price-model_codec.go:294.42,296.3 1 0
bitmap-usage/model/price-model_codec.go:296.8,296.49 1 0
bitmap-usage/model/price-model_codec.go:296.49,298.16 2 0
bitmap-usage/model/price-model_codec.go:302.3,302.20 1 0
bitmap-usage/model/price-model_codec.go:298.17,299.4 0 0
bitmap-usage/model/price-model_codec.go:299.9,301.4 1 0
bitmap-usage/model/price-model_codec.go:303.8,303.51 1 0
bitmap-usage/model/price-model_codec.go:303.51,305.16 2 0
bitmap-usage/model/price-model_codec.go:308.3,308.22 1 0
bitmap-usage/model/price-model_codec.go:305.16,307.4 1 0
bitmap-usage/model/price-model_codec.go:309.8,310.56 1 0
bitmap-usage/model/price-model_codec.go:314.78,319.26 5 0
bitmap-usage/model/price-model_codec.go:319.26,320.12 1 0
bitmap-usage/model/price-model_codec.go:329.3,332.23 4 0
bitmap-usage/model/price-model_codec.go:320.12,321.17 1 0
bitmap-usage/model/price-model_codec.go:321.17,322.10 1 0
bitmap-usage/model/price-model_codec.go:324.9,325.25 1 0
bitmap-usage/model/price-model_codec.go:325.25,326.10 1 0
bitmap-usage/model/price-model_codec.go:333.13,334.59 1 0
bitmap-usage/model/price-model_codec.go:335.21,336.67 1 0
bitmap-usage/model/price-model_codec.go:337.18,338.64 1 0
bitmap-usage/model/price-model_codec.go:339.15,340.61 1 0
bitmap-usage/model/price-model_codec.go:341.20,342.40 1 0
bitmap-usage/model/price-model_codec.go:353.18,354.40 1 0
bitmap-usage/model/price-model_codec.go:365.18,366.38 1 0
bitmap-usage/model/price-model_codec.go:367.29,368.49 1 0
bitmap-usage/model/price-model_codec.go:369.16,370.36 1 0
bitmap-usage/model/price-model_codec.go:371.17,372.37 1 0
bitmap-usage/model/price-model_codec.go:373.16,374.42 1 0
bitmap-usage/model/price-model_codec.go:375.19,376.65 1 0
bitmap-usage/model/price-model_codec.go:377.18,378.57 1 0
bitmap-usage/model/price-model_codec.go:379.20,380.40 1 0
bitmap-usage/model/price-model_codec.go:381.11,382.46 1 0
bitmap-usage/model/price-model_codec.go:342.40,344.5 1 0
bitmap-usage/model/price-model_codec.go:344.10,344.62 1 0
bitmap-usage/model/price-model_codec.go:344.62,346.5 1 0
bitmap-usage/model/price-model_codec.go:346.10,346.28 1 0
bitmap-usage/model/price-model_codec.go:346.28,348.5 1 0
bitmap-usage/model/price-model_codec.go:348.10,348.49 1 0
bitmap-usage/model/price-model_codec.go:348.49,350.5 1 0
bitmap-usage/model/price-model_codec.go:350.10,352.5 1 0
bitmap-usage/model/price-model_codec.go:354.40,356.5 1 0
bitmap-usage/model/price-model_codec.go:356.10,356.62 1 0
bitmap-usage/model/price-model_codec.go:356.62,358.5 1 0
bitmap-usage/model/price-model_codec.go:358.10,358.28 1 0
bitmap-usage/model/price-model_codec.go:358.28,360.5 1 0
bitmap-usage/model/price-model_codec.go:360.10,360.49 1 0
bitmap-usage/model/price-model_codec.go:360.49,362.5 1 0
bitmap-usage/model/price-model_codec.go:362.10,364.5 1 0
bitmap-usage/model/price-model_codec.go:387.80,395.12 8 0
bitmap-usage/model/price-model_codec.go:400.2,400.11 1 0
bitmap-usage/model/price-model_codec.go:404.2,407.12 4 0
bitmap-usage/model/price-model_codec.go:412.2,412.11 1 0
bitmap-usage/model/price-model_codec.go:416.2,419.12 4 0
bitmap-usage/model/price-model_codec.go:424.2,424.11 1 0
bitmap-usage/model/price-model_codec.go:428.2,431.12 4 0
bitmap-usage/model/price-model_codec.go:436.2,436.11 1 0
bitmap-usage/model/price-model_codec.go:440.2,443.12 4 0
bitmap-usage/model/price-model_codec.go:448.2,448.11 1 0
bitmap-usage/model/price-model_codec.go:452.2,453.38 2 0
bitmap-usage/model/price-model_codec.go:464.2,465.12 2 0
bitmap-usage/model/price-model_codec.go:470.2,470.11 1 0
bitmap-usage/model/price-model_codec.go:474.2,475.38 2 0
bitmap-usage/model/price-model_codec.go:486.2,487.12 2 0
bitmap-usage/model/price-model_codec.go:492.2,492.11 1 0
bitmap-usage/model/price-model_codec.go:496.2,499.12 4 0
bitmap-usage/model/price-model_codec.go:504.2,504.11 1 0
bitmap-usage/model/price-model_codec.go:508.2,511.12 4 0
bitmap-usage/model/price-model_codec.go:516.2,516.11 1 0
bitmap-usage/model/price-model_codec.go:520.2,523.12 4 0
bitmap-usage/model/price-model_codec.go:528.2,528.11 1 0
bitmap-usage/model/price-model_codec.go:532.2,535.12 4 0
bitmap-usage/model/price-model_codec.go:540.2,540.11 1 0
bitmap-usage/model/price-model_codec.go:544.2,547.12 4 0
bitmap-usage/model/price-model_codec.go:552.2,552.11 1 0
bitmap-usage/model/price-model_codec.go:556.2,559.12 4 0
bitmap-usage/model/price-model_codec.go:564.2,564.11 1 0
bitmap-usage/model/price-model_codec.go:568.2,571.12 4 0
bitmap-usage/model/price-model_codec.go:576.2,576.11 1 0
bitmap-usage/model/price-model_codec.go:580.2,582.6 3 0
bitmap-usage/model/price-model_codec.go:395.12,397.3 1 0
bitmap-usage/model/price-model_codec.go:397.8,399.3 1 0
bitmap-usage/model/price-model_codec.go:400.11,403.3 2 0
bitmap-usage/model/price-model_codec.go:407.12,409.3 1 0
bitmap-usage/model/price-model_codec.go:409.8,411.3 1 0
bitmap-usage/model/price-model_codec.go:412.11,415.3 2 0
bitmap-usage/model/price-model_codec.go:419.12,421.3 1 0
bitmap-usage/model/price-model_codec.go:421.8,423.3 1 0
bitmap-usage/model/price-model_codec.go:424.11,427.3 2 0
bitmap-usage/model/price-model_codec.go:431.12,433.3 1 0
bitmap-usage/model/price-model_codec.go:433.8,435.3 1 0
bitmap-usage/model/price-model_codec.go:436.11,439.3 2 0
bitmap-usage/model/price-model_codec.go:443.12,445.3 1 0
bitmap-usage/model/price-model_codec.go:445.8,447.3 1 0
bitmap-usage/model/price-model_codec.go:448.11,451.3 2 0
bitmap-usage/model/price-model_codec.go:453.38,455.3 1 0
bitmap-usage/model/price-model_codec.go:455.8,455.62 1 0
bitmap-usage/model/price-model_codec.go:455.62,457.3 1 0
bitmap-usage/model/price-model_codec.go:457.8,457.26 1 0
bitmap-usage/model/price-model_codec.go:457.26,459.3 1 0
bitmap-usage/model/price-model_codec.go:459.8,459.47 1 0
bitmap-usage/model/price-model_codec.go:459.47,461.3 1 0
bitmap-usage/model/price-model_codec.go:461.8,463.3 1 0
bitmap-usage/model/price-model_codec.go:465.12,467.3 1 0
bitmap-usage/model/price-model_codec.go:467.8,469.3 1 0
bitmap-usage/model/price-model_codec.go:470.11,473.3 2 0
bitmap-usage/model/price-model_codec.go:475.38,477.3 1 0
bitmap-usage/model/price-model_codec.go:477.8,477.60 1 0
bitmap-usage/model/price-model_codec.go:477.60,479.3 1 0
bitmap-usage/model/price-model_codec.go:479.8,479.26 1 0
bitmap-usage/model/price-model_codec.go:479.26,481.3 1 0
bitmap-usage/model/price-model_codec.go:481.8,481.47 1 0
bitmap-usage/model/price-model_codec.go:481.47,483.3 1 0
bitmap-usage/model/price-model_codec.go:483.8,485.3 1 0
bitmap-usage/model/price-model_codec.go:487.12,489.3 1 0
bitmap-usage/model/price-model_codec.go:489.8,491.3 1 0
bitmap-usage/model/price-model_codec.go:492.11,495.3 2 0
bitmap-usage/model/price-model_codec.go:499.12,501.3 1 0
bitmap-usage/model/price-model_codec.go:501.8,503.3 1 0
bitmap-usage/model/price-model_codec.go:504.11,507.3 2 0
bitmap-usage/model/price-model_codec.go:511.12,513.3 1 0
bitmap-usage/model/price-model_codec.go:513.8,515.3 1 0
bitmap-usage/model/price-model_codec.go:516.11,519.3 2 0
bitmap-usage/model/price-model_codec.go:523.12,525.3 1 0
bitmap-usage/model/price-model_codec.go:525.8,527.3 1 0
bitmap-usage/model/price-model_codec.go:528.11,531.3 2 0
bitmap-usage/model/price-model_codec.go:535.12,537.3 1 0
bitmap-usage/model/price-model_codec.go:537.8,539.3 1 0
bitmap-usage/model/price-model_codec.go:540.11,543.3 2 0
bitmap-usage/model/price-model_codec.go:547.12,549.3 1 0
bitmap-usage/model/price-model_codec.go:549.8,551.3 1 0
bitmap-usage/model/price-model_codec.go:552.11,555.3 2 0
bitmap-usage/model/price-model_codec.go:559.12,561.3 1 0
bitmap-usage/model/price-model_codec.go:561.8,563.3 1 0
bitmap-usage/model/price-model_codec.go:564.11,567.3 2 0
bitmap-usage/model/price-model_codec.go:571.12,573.3 1 0
bitmap-usage/model/price-model_codec.go:573.8,575.3 1 0
bitmap-usage/model/price-model_codec.go:576.11,579.3 2 0
bitmap-usage/model/price-model_codec.go:582.6,584.13 2 0
bitmap-usage/model/price-model_codec.go:589.3,589.12 1 0
bitmap-usage/model/price-model_codec.go:592.3,593.40 2 0
bitmap-usage/model/price-model_codec.go:584.13,586.4 1 0
bitmap-usage/model/price-model_codec.go:586.9,588.4 1 0
bitmap-usage/model/price-model_codec.go:589.12,590.9 1 0
bitmap-usage/model/price-model_codec.go:597.46,599.2 1 0
bitmap-usage/model/price-model_codec.go:601.40,601.41 0 0
bitmap-usage/model/price-model_codec.go:602.55,606.41 4 0
bitmap-usage/model/price-model_codec.go:610.2,610.14 1 0
bitmap-usage/model/price-model_codec.go:606.41,609.3 2 0
bitmap-usage/model/price-model_codec.go:610.14,612.3 1 0
bitmap-usage/model/price-model_codec.go:612.8,616.22 4 0
bitmap-usage/model/price-model_codec.go:616.22,627.4 10 0
bitmap-usage/model/price-model_codec.go:627.9,630.24 3 0
bitmap-usage/model/price-model_codec.go:635.4,638.24 4 0
bitmap-usage/model/price-model_codec.go:643.4,646.24 4 0
bitmap-usage/model/price-model_codec.go:651.4,654.24 4 0
bitmap-usage/model/price-model_codec.go:659.4,661.22 3 0
bitmap-usage/model/price-model_codec.go:630.24,632.5 1 0
bitmap-usage/model/price-model_codec.go:632.10,634.5 1 0
bitmap-usage/model/price-model_codec.go:638.24,640.5 1 0
bitmap-usage/model/price-model_codec.go:640.10,642.5 1 0
bitmap-usage/model/price-model_codec.go:646.24,648.5 1 0
bitmap-usage/model/price-model_codec.go:648.10,650.5 1 0
bitmap-usage/model/price-model_codec.go:654.24,656.5 1 0
bitmap-usage/model/price-model_codec.go:656.10,658.5 1 0
bitmap-usage/model/price-model_codec.go:666.55,671.42 5 0
bitmap-usage/model/price-model_codec.go:671.42,673.3 1 0
bitmap-usage/model/price-model_codec.go:673.8,673.49 1 0
bitmap-usage/model/price-model_codec.go:673.49,675.16 2 0
bitmap-usage/model/price-model_codec.go:679.3,679.20 1 0
bitmap-usage/model/price-model_codec.go:675.17,676.4 0 0
bitmap-usage/model/price-model_codec.go:676.9,678.4 1 0
bitmap-usage/model/price-model_codec.go:680.8,680.51 1 0
bitmap-usage/model/price-model_codec.go:680.51,682.16 2 0
bitmap-usage/model/price-model_codec.go:685.3,685.22 1 0
bitmap-usage/model/price-model_codec.go:682.16,684.4 1 0
bitmap-usage/model/price-model_codec.go:686.8,687.56 1 0
bitmap-usage/model/price-model_codec.go:691.69,696.26 5 0
bitmap-usage/model/price-model_codec.go:696.26,697.12 1 0
bitmap-usage/model/price-model_codec.go:706.3,709.23 4 0
bitmap-usage/model/price-model_codec.go:697.12,698.17 1 0
bitmap-usage/model/price-model_codec.go:698.17,699.10 1 0
bitmap-usage/model/price-model_codec.go:701.9,702.25 1 0
bitmap-usage/model/price-model_codec.go:702.25,703.10 1 0
bitmap-usage/model/price-model_codec.go:710.13,711.59 1 0
bitmap-usage/model/price-model_codec.go:712.15,713.61 1 0
bitmap-usage/model/price-model_codec.go:714.16,715.42 1 0
bitmap-usage/model/price-model_codec.go:716.19,717.65 1 0
bitmap-usage/model/price-model_codec.go:718.11,719.46 1 0
bitmap-usage/model/price-model_codec.go:724.71,732.11 8 0
bitmap-usage/model/price-model_codec.go:737.2,737.10 1 0
bitmap-usage/model/price-model_codec.go:741.2,744.11 4 0
bitmap-usage/model/price-model_codec.go:749.2,749.10 1 0
bitmap-usage/model/price-model_codec.go:753.2,756.11 4 0
bitmap-usage/model/price-model_codec.go:761.2,761.10 1 0
bitmap-usage/model/price-model_codec.go:765.2,768.11 4 0
bitmap-usage/model/price-model_codec.go:773.2,773.10 1 0
bitmap-usage/model/price-model_codec.go:777.2,779.6 3 0
bitmap-usage/model/price-model_codec.go:732.11,734.3 1 0
bitmap-usage/model/price-model_codec.go:734.8,736.3 1 0
bitmap-usage/model/price-model_codec.go:737.10,740.3 2 0
bitmap-usage/model/price-model_codec.go:744.11,746.3 1 0
bitmap-usage/model/price-model_codec.go:746.8,748.3 1 0
bitmap-usage/model/price-model_codec.go:749.10,752.3 2 0
bitmap-usage/model/price-model_codec.go:756.11,758.3 1 0
bitmap-usage/model/price-model_codec.go:758.8,760.3 1 0
bitmap-usage/model/price-model_codec.go:761.10,764.3 2 0
bitmap-usage/model/price-model_codec.go:768.11,770.3 1 0
bitmap-usage/model/price-model_codec.go:770.8,772.3 1 0
bitmap-usage/model/price-model_codec.go:773.10,776.3 2 0
bitmap-usage/model/price-model_codec.go:779.6,781.12 2 0
bitmap-usage/model/price-model_codec.go:786.3,786.11 1 0
bitmap-usage/model/price-model_codec.go:789.3,790.39 2 0
bitmap-usage/model/price-model_codec.go:781.12,783.4 1 0
bitmap-usage/model/price-model_codec.go:783.9,785.4 1 0
bitmap-usage/model/price-model_codec.go:786.11,787.9 1 0
bitmap-usage/model/price-model_codec.go:794.37,796.2 1 0
bitmap-usage/model/price-model_codec.go:798.44,798.45 0 0
bitmap-usage/model/price-model_codec.go:799.59,803.41 4 0
bitmap-usage/model/price-model_codec.go:807.2,807.14 1 0
bitmap-usage/model/price-model_codec.go:803.41,806.3 2 0
bitmap-usage/model/price-model_codec.go:807.14,809.3 1 0
bitmap-usage/model/price-model_codec.go:809.8,813.22 4 0
bitmap-usage/model/price-model_codec.go:813.22,820.4 6 0
bitmap-usage/model/price-model_codec.go:820.9,823.24 3 0
bitmap-usage/model/price-model_codec.go:828.4,831.24 4 0
bitmap-usage/model/price-model_codec.go:836.4,838.22 3 0
bitmap-usage/model/price-model_codec.go:823.24,825.5 1 0
bitmap-usage/model/price-model_codec.go:825.10,827.5 1 0
bitmap-usage/model/price-model_codec.go:831.24,833.5 1 0
bitmap-usage/model/price-model_codec.go:833.10,835.5 1 0
bitmap-usage/model/price-model_codec.go:843.59,848.42 5 0
bitmap-usage/model/price-model_codec.go:848.42,850.3 1 0
bitmap-usage/model/price-model_codec.go:850.8,850.49 1 0
bitmap-usage/model/price-model_codec.go:850.49,852.16 2 0
bitmap-usage/model/price-model_codec.go:856.3,856.20 1 0
bitmap-usage/model/price-model_codec.go:852.17,853.4 0 0
bitmap-usage/model/price-model_codec.go:853.9,855.4 1 0
bitmap-usage/model/price-model_codec.go:857.8,857.51 1 0
bitmap-usage/model/price-model_codec.go:857.51,859.16 2 0
bitmap-usage/model/price-model_codec.go:862.3,862.22 1 0
bitmap-usage/model/price-model_codec.go:859.16,861.4 1 0
bitmap-usage/model/price-model_codec.go:863.8,864.56 1 0
bitmap-usage/model/price-model_codec.go:868.73,873.26 5 0
bitmap-usage/model/price-model_codec.go:873.26,874.12 1 0
bitmap-usage/model/price-model_codec.go:883.3,886.23 4 0
bitmap-usage/model/price-model_codec.go:874.12,875.17 1 0
bitmap-usage/model/price-model_codec.go:875.17,876.10 1 0
bitmap-usage/model/price-model_codec.go:878.9,879.25 1 0
bitmap-usage/model/price-model_codec.go:879.25,880.10 1 0
bitmap-usage/model/price-model_codec.go:887.15,888.61 1 0
bitmap-usage/model/price-model_codec.go:889.16,890.62 1 0
bitmap-usage/model/price-model_codec.go:891.11,892.46 1 0
bitmap-usage/model/price-model_codec.go:897.75,905.11 8 0
bitmap-usage/model/price-model_codec.go:910.2,910.10 1 0
bitmap-usage/model/price-model_codec.go:914.2,917.11 4 0
bitmap-usage/model/price-model_codec.go:922.2,922.10 1 0
bitmap-usage/model/price-model_codec.go:926.2,928.6 3 0
bitmap-usage/model/price-model_codec.go:905.11,907.3 1 0
bitmap-usage/model/price-model_codec.go:907.8,909.3 1 0
bitmap-usage/model/price-model_codec.go:910.10,913.3 2 0
bitmap-usage/model/price-model_codec.go:917.11,919.3 1 0
bitmap-usage/model/price-model_codec.go:919.8,921.3 1 0
bitmap-usage/model/price-model_codec.go:922.10,925.3 2 0
bitmap-usage/model/price-model_codec.go:928.6,930.12 2 0
bitmap-usage/model/price-model_codec.go:935.3,935.11 1 0
bitmap-usage/model/price-model_codec.go:938.3,939.39 2 0
bitmap-usage/model/price-model_codec.go:930.12,932.4 1 0
bitmap-usage/model/price-model_codec.go:932.9,934.4 1 0
bitmap-usage/model/price-model_codec.go:935.11,936.9 1 0
bitmap-usage/model/price-model_codec.go:943.41,945.2 1 0
bitmap-usage/model/price-model_codec.go:947.51,947.52 0 0
bitmap-usage/model/price-model_codec.go:948.66,952.41 4 0
bitmap-usage/model/price-model_codec.go:956.2,956.14 1 0
bitmap-usage/model/price-model_codec.go:952.41,955.3 2 0
bitmap-usage/model/price-model_codec.go:956.14,958.3 1 0
bitmap-usage/model/price-model_codec.go:958.8,962.22 4 0
bitmap-usage/model/price-model_codec.go:962.22,971.27 9 0
bitmap-usage/model/price-model_codec.go:976.4,976.24 1 0
bitmap-usage/model/price-model_codec.go:971.27,973.5 1 0
bitmap-usage/model/price-model_codec.go:973.10,975.5 1 0
bitmap-usage/model/price-model_codec.go:977.9,980.24 3 0
bitmap-usage/model/price-model_codec.go:985.4,988.24 4 0
bitmap-usage/model/price-model_codec.go:993.4,996.24 4 0
bitmap-usage/model/price-model_codec.go:1001.4,1004.24 4 0
bitmap-usage/model/price-model_codec.go:1009.4,1010.27 2 0
bitmap-usage/model/price-model_codec.go:1015.4,1015.22 1 0
bitmap-usage/model/price-model_codec.go:980.24,982.5 1 0
bitmap-usage/model/price-model_codec.go:982.10,984.5 1 0
bitmap-usage/model/price-model_codec.go:988.24,990.5 1 0
bitmap-usage/model/price-model_codec.go:990.10,992.5 1 0
bitmap-usage/model/price-model_codec.go:996.24,998.5 1 0
bitmap-usage/model/price-model_codec.go:998.10,1000.5 1 0
bitmap-usage/model/price-model_codec.go:1004.24,1006.5 1 0
bitmap-usage/model/price-model_codec.go:1006.10,1008.5 1 0
bitmap-usage/model/price-model_codec.go:1010.27,1012.5 1 0
bitmap-usage/model/price-model_codec.go:1012.10,1014.5 1 0
bitmap-usage/model/price-model_codec.go:1020.66,1025.42 5 0
bitmap-usage/model/price-model_codec.go:1025.42,1027.3 1 0
bitmap-usage/model/price-model_codec.go:1027.8,1027.49 1 0
bitmap-usage/model/price-model_codec.go:1027.49,1029.16 2 0
bitmap-usage/model/price-model_codec.go:1033.3,1033.20 1 0
bitmap-usage/model/price-model_codec.go:1029.17,1030.4 0 0
bitmap-usage/model/price-model_codec.go:1030.9,1032.4 1 0
bitmap-usage/model/price-model_codec.go:1034.8,1034.51 1 0
bitmap-usage/model/price-model_codec.go:1034.51,1036.16 2 0
bitmap-usage/model/price-model_codec.go:1039.3,1039.22 1 0
bitmap-usage/model/price-model_codec.go:1036.16,1038.4 1 0
bitmap-usage/model/price-model_codec.go:1040.8,1041.56 1 0
bitmap-usage/model/price-model_codec.go:1045.80,1050.26 5 0
bitmap-usage/model/price-model_codec.go:1050.26,1051.12 1 0
bitmap-usage/model/price-model_codec.go:1060.3,1063.23 4 0
bitmap-usage/model/price-model_codec.go:1051.12,1052.17 1 0
bitmap-usage/model/price-model_codec.go:1052.17,1053.10 1 0
bitmap-usage/model/price-model_codec.go:1055.9,1056.25 1 0
bitmap-usage/model/price-model_codec.go:1056.25,1057.10 1 0
bitmap-usage/model/price-model_codec.go:1064.21,1065.67 1 0
bitmap-usage/model/price-model_codec.go:1066.18,1067.64 1 0
bitmap-usage/model/price-model_codec.go:1068.22,1069.68 1 0
bitmap-usage/model/price-model_codec.go:1070.21,1071.57 1 0
bitmap-usage/model/price-model_codec.go:1072.11,1073.46 1 0
bitmap-usage/model/price-model_codec.go:1078.82,1086.11 8 0
bitmap-usage/model/price-model_codec.go:1091.2,1091.10 1 0
bitmap-usage/model/price-model_codec.go:1095.2,1098.11 4 0
bitmap-usage/model/price-model_codec.go:1103.2,1103.10 1 0
bitmap-usage/model/price-model_codec.go:1107.2,1110.11 4 0
bitmap-usage/model/price-model_codec.go:1115.2,1115.10 1 0
bitmap-usage/model/price-model_codec.go:1119.2,1122.11 4 0
bitmap-usage/model/price-model_codec.go:1127.2,1127.10 1 0
bitmap-usage/model/price-model_codec.go:1131.2,1133.6 3 0
bitmap-usage/model/price-model_codec.go:1086.11,1088.3 1 0
bitmap-usage/model/price-model_codec.go:1088.8,1090.3 1 0
bitmap-usage/model/price-model_codec.go:1091.10,1094.3 2 0
bitmap-usage/model/price-model_codec.go:1098.11,1100.3 1 0
bitmap-usage/model/price-model_codec.go:1100.8,1102.3 1 0
bitmap-usage/model/price-model_codec.go:1103.10,1106.3 2 0
bitmap-usage/model/price-model_codec.go:1110.11,1112.3 1 0
bitmap-usage/model/price-model_codec.go:1112.8,1114.3 1 0
bitmap-usage/model/price-model_codec.go:1115.10,1118.3 2 0
bitmap-usage/model/price-model_codec.go:1122.11,1124.3 1 0
bitmap-usage/model/price-model_codec.go:1124.8,1126.3 1 0
bitmap-usage/model/price-model_codec.go:1127.10,1130.3 2 0
bitmap-usage/model/price-model_codec.go:1133.6,1135.12 2 0
bitmap-usage/model/price-model_codec.go:1140.3,1140.11 1 0
bitmap-usage/model/price-model_codec.go:1143.3,1144.39 2 0
bitmap-usage/model/price-model_codec.go:1135.12,1137.4 1 0
bitmap-usage/model/price-model_codec.go:1137.9,1139.4 1 0
bitmap-usage/model/price-model_codec.go:1140.11,1141.9 1 0
bitmap-usage/model/price-model_codec.go:1148.48,1150.2 1 0
bitmap-usage/model/price-model_codec.go:1152.55,1152.56 0 0
bitmap-usage/model/price-model_codec.go:1153.70,1157.41 4 0
bitmap-usage/model/price-model_codec.go:1161.2,1161.14 1 0
bitmap-usage/model/price-model_codec.go:1157.41,1160.3 2 0
bitmap-usage/model/price-model_codec.go:1161.14,1163.3 1 0
bitmap-usage/model/price-model_codec.go:1163.8,1167.22 4 0
bitmap-usage/model/price-model_codec.go:1167.22,1176.27 9 0
bitmap-usage/model/price-model_codec.go:1181.4,1183.24 3 0
bitmap-usage/model/price-model_codec.go:1176.27,1178.5 1 0
bitmap-usage/model/price-model_codec.go:1178.10,1180.5 1 0
bitmap-usage/model/price-model_codec.go:1184.9,1187.24 3 0
bitmap-usage/model/price-model_codec.go:1192.4,1195.24 4 0
bitmap-usage/model/price-model_codec.go:1200.4,1203.24 4 0
bitmap-usage/model/price-model_codec.go:1208.4,1211.24 4 0
bitmap-usage/model/price-model_codec.go:1216.4,1217.27 2 0
bitmap-usage/model/price-model_codec.go:1222.4,1223.24 2 0
bitmap-usage/model/price-model_codec.go:1228.4,1230.22 3 0
bitmap-usage/model/price-model_codec.go:1187.24,1189.5 1 0
bitmap-usage/model/price-model_codec.go:1189.10,1191.5 1 0
bitmap-usage/model/price-model_codec.go:1195.24,1197.5 1 0
bitmap-usage/model/price-model_codec.go:1197.10,1199.5 1 0
bitmap-usage/model/price-model_codec.go:1203.24,1205.5 1 0
bitmap-usage/model/price-model_codec.go:1205.10,1207.5 1 0
bitmap-usage/model/price-model_codec.go:1211.24,1213.5 1 0
bitmap-usage/model/price-model_codec.go:1213.10,1215.5 1 0
bitmap-usage/model/price-model_codec.go:1217.27,1219.5 1 0
bitmap-usage/model/price-model_codec.go:1219.10,1221.5 1 0
bitmap-usage/model/price-model_codec.go:1223.24,1225.5 1 0
bitmap-usage/model/price-model_codec.go:1225.10,1227.5 1 0
bitmap-usage/model/price-model_codec.go:1235.70,1240.42 5 0
bitmap-usage/model/price-model_codec.go:1240.42,1242.3 1 0
bitmap-usage/model/price-model_codec.go:1242.8,1242.49 1 0
bitmap-usage/model/price-model_codec.go:1242.49,1244.16 2 0
bitmap-usage/model/price-model_codec.go:1248.3,1248.20 1 0
bitmap-usage/model/price-model_codec.go:1244.17,1245.4 0 0
bitmap-usage/model/price-model_codec.go:1245.9,1247.4 1 0
bitmap-usage/model/price-model_codec.go:1249.8,1249.51 1 0
bitmap-usage/model/price-model_codec.go:1249.51,1251.16 2 0
bitmap-usage/model/price-model_codec.go:1254.3,1254.22 1 0
bitmap-usage/model/price-model_codec.go:1251.16,1253.4 1 0
bitmap-usage/model/price-model_codec.go:1255.8,1256.56 1 0
bitmap-usage/model/price-model_codec.go:1260.84,1265.26 5 0
bitmap-usage/model/price-model_codec.go:1265.26,1266.12 1 0
bitmap-usage/model/price-model_codec.go:1275.3,1278.23 4 0
bitmap-usage/model/price-model_codec.go:1266.12,1267.17 1 0
bitmap-usage/model/price-model_codec.go:1267.17,1268.10 1 0
bitmap-usage/model/price-model_codec.go:1270.9,1271.25 1 0
bitmap-usage/model/price-model_codec.go:1271.25,1272.10 1 0
bitmap-usage/model/price-model_codec.go:1279.21,1280.67 1 0
bitmap-usage/model/price-model_codec.go:1281.18,1282.64 1 0
bitmap-usage/model/price-model_codec.go:1283.22,1284.68 1 0
bitmap-usage/model/price-model_codec.go:1285.21,1286.57 1 0
bitmap-usage/model/price-model_codec.go:1287.13,1288.52 1 0
bitmap-usage/model/price-model_codec.go:1289.11,1290.46 1 0
bitmap-usage/model/price-model_codec.go:1295.86,1303.12 8 0
bitmap-usage/model/price-model_codec.go:1308.2,1308.11 1 0
bitmap-usage/model/price-model_codec.go:1312.2,1315.12 4 0
bitmap-usage/model/price-model_codec.go:1320.2,1320.11 1 0
bitmap-usage/model/price-model_codec.go:1324.2,1327.12 4 0
bitmap-usage/model/price-model_codec.go:1332.2,1332.11 1 0
bitmap-usage/model/price-model_codec.go:1336.2,1339.12 4 0
bitmap-usage/model/price-model_codec.go:1344.2,1344.11 1 0
bitmap-usage/model/price-model_codec.go:1348.2,1351.12 4 0
bitmap-usage/model/price-model_codec.go:1356.2,1356.11 1 0
bitmap-usage/model/price-model_codec.go:1360.2,1362.6 3 0
bitmap-usage/model/price-model_codec.go:1303.12,1305.3 1 0
bitmap-usage/model/price-model_codec.go:1305.8,1307.3 1 0
bitmap-usage/model/price-model_codec.go:1308.11,1311.3 2 0
bitmap-usage/model/price-model_codec.go:1315.12,1317.3 1 0
bitmap-usage/model/price-model_codec.go:1317.8,1319.3 1 0
bitmap-usage/model/price-model_codec.go:1320.11,1323.3 2 0
bitmap-usage/model/price-model_codec.go:1327.12,1329.3 1 0
bitmap-usage/model/price-model_codec.go:1329.8,1331.3 1 0
bitmap-usage/model/price-model_codec.go:1332.11,1335.3 2 0
bitmap-usage/model/price-model_codec.go:1339.12,1341.3 1 0
bitmap-usage/model/price-model_codec.go:1341.8,1343.3 1 0
bitmap-usage/model/price-model_codec.go:1344.11,1347.3 2 0
bitmap-usage/model/price-model_codec.go:1351.12,1353.3 1 0
bitmap-usage/model/price-model_codec.go:1353.8,1355.3 1 0
bitmap-usage/model/price-model_codec.go:1356.11,1359.3 2 0
bitmap-usage/model/price-model_codec.go:1362.6,1364.13 2 0
bitmap-usage/model/price-model_codec.go:1369.3,1369.12 1 0
bitmap-usage/model/price-model_codec.go:1372.3,1373.40 2 0
bitmap-usage/model/price-model_codec.go:1364.13,1366.4 1 0
bitmap-usage/model/price-model_codec.go:1366.9,1368.4 1 0
bitmap-usage/model/price-model_codec.go:1369.12,1370.9 1 0
bitmap-usage/model/price-model_codec.go:1377.52,1379.2 1 0
bitmap-usage/model/price-model_codec.go:1381.59,1381.60 0 0
bitmap-usage/model/price-model_codec.go:1382.74,1386.41 4 0
bitmap-usage/model/price-model_codec.go:1390.2,1390.14 1 0
bitmap-usage/model/price-model_codec.go:1386.41,1389.3 2 0
bitmap-usage/model/price-model_codec.go:1390.14,1392.3 1 0
bitmap-usage/model/price-model_codec.go:1392.8,1397.22 5 0
bitmap-usage/model/price-model_codec.go:1397.22,1399.12 2 0
bitmap-usage/model/price-model_codec.go:1410.4,1414.24 5 0
bitmap-usage/model/price-model_codec.go:1399.12,1402.5 2 0
bitmap-usage/model/price-model_codec.go:1402.10,1404.51 2 0
bitmap-usage/model/price-model_codec.go:1404.51,1406.6 1 0
bitmap-usage/model/price-model_codec.go:1406.11,1408.6 1 0
bitmap-usage/model/price-model_codec.go:1415.9,1418.24 3 0
bitmap-usage/model/price-model_codec.go:1423.4,1424.12 2 0
bitmap-usage/model/price-model_codec.go:1433.4,1434.24 2 0
bitmap-usage/model/price-model_codec.go:1439.4,1442.24 4 0
bitmap-usage/model/price-model_codec.go:1447.4,1449.22 3 0
bitmap-usage/model/price-model_codec.go:1418.24,1420.5 1 0
bitmap-usage/model/price-model_codec.go:1420.10,1422.5 1 0
bitmap-usage/model/price-model_codec.go:1424.12,1426.5 1 0
bitmap-usage/model/price-model_codec.go:1426.10,1427.51 1 0
bitmap-usage/model/price-model_codec.go:1427.51,1429.6 1 0
bitmap-usage/model/price-model_codec.go:1429.11,1431.6 1 0
bitmap-usage/model/price-model_codec.go:1434.24,1436.5 1 0
bitmap-usage/model/price-model_codec.go:1436.10,1438.5 1 0
bitmap-usage/model/price-model_codec.go:1442.24,1444.5 1 0
bitmap-usage/model/price-model_codec.go:1444.10,1446.5 1 0
bitmap-usage/model/price-model_codec.go:1454.74,1459.42 5 0
bitmap-usage/model/price-model_codec.go:1459.42,1461.3 1 0
bitmap-usage/model/price-model_codec.go:1461.8,1461.49 1 0
bitmap-usage/model/price-model_codec.go:1461.49,1463.16 2 0
bitmap-usage/model/price-model_codec.go:1467.3,1467.20 1 0
bitmap-usage/model/price-model_codec.go:1463.17,1464.4 0 0
bitmap-usage/model/price-model_codec.go:1464.9,1466.4 1 0
bitmap-usage/model/price-model_codec.go:1468.8,1468.51 1 0
bitmap-usage/model/price-model_codec.go:1468.51,1470.16 2 0
bitmap-usage/model/price-model_codec.go:1473.3,1473.22 1 0
bitmap-usage/model/price-model_codec.go:1470.16,1472.4 1 0
bitmap-usage/model/price-model_codec.go:1474.8,1475.56 1 0
bitmap-usage/model/price-model_codec.go:1479.88,1484.26 5 0
bitmap-usage/model/price-model_codec.go:1484.26,1485.12 1 0
bitmap-usage/model/price-model_codec.go:1494.3,1497.23 4 0
bitmap-usage/model/price-model_codec.go:1485.12,1486.17 1 0
bitmap-usage/model/price-model_codec.go:1486.17,1487.10 1 0
bitmap-usage/model/price-model_codec.go:1489.9,1490.25 1 0
bitmap-usage/model/price-model_codec.go:1490.25,1491.10 1 0
bitmap-usage/model/price-model_codec.go:1498.15,1499.18 1 0
bitmap-usage/model/price-model_codec.go:1513.17,1514.79 1 0
bitmap-usage/model/price-model_codec.go:1515.14,1516.44 1 0
bitmap-usage/model/price-model_codec.go:1517.11,1518.46 1 0
bitmap-usage/model/price-model_codec.go:1499.18,1500.22 1 0
bitmap-usage/model/price-model_codec.go:1500.22,1502.6 1 0
bitmap-usage/model/price-model_codec.go:1503.10,1504.22 1 0
bitmap-usage/model/price-model_codec.go:1507.5,1507.51 1 0
bitmap-usage/model/price-model_codec.go:1504.22,1506.6 1 0
bitmap-usage/model/price-model_codec.go:1507.51,1509.6 1 0
bitmap-usage/model/price-model_codec.go:1509.11,1511.6 1 0
bitmap-usage/model/price-model_codec.go:1523.90,1531.12 8 0
bitmap-usage/model/price-model_codec.go:1536.2,1536.11 1 0
bitmap-usage/model/price-model_codec.go:1540.2,1541.16 2 0
bitmap-usage/model/price-model_codec.go:1555.2,1556.12 2 0
bitmap-usage/model/price-model_codec.go:1561.2,1561.11 1 0
bitmap-usage/model/price-model_codec.go:1565.2,1568.12 4 0
bitmap-usage/model/price-model_codec.go:1573.2,1573.11 1 0
bitmap-usage/model/price-model_codec.go:1577.2,1579.6 3 0
bitmap-usage/model/price-model_codec.go:1531.12,1533.3 1 0
bitmap-usage/model/price-model_codec.go:1533.8,1535.3 1 0
bitmap-usage/model/price-model_codec.go:1536.11,1539.3 2 0
bitmap-usage/model/price-model_codec.go:1541.16,1542.20 1 0
bitmap-usage/model/price-model_codec.go:1542.20,1544.4 1 0
bitmap-usage/model/price-model_codec.go:1545.8,1546.20 1 0
bitmap-usage/model/price-model_codec.go:1549.3,1549.51 1 0
bitmap-usage/model/price-model_codec.go:1546.20,1548.4 1 0
bitmap-usage/model/price-model_codec.go:1549.51,1551.4 1 0
bitmap-usage/model/price-model_codec.go:1551.9,1553.4 1 0
bitmap-usage/model/price-model_codec.go:1556.12,1558.3 1 0
bitmap-usage/model/price-model_codec.go:1558.8,1560.3 1 0
bitmap-usage/model/price-model_codec.go:1561.11,1564.3 2 0
bitmap-usage/model/price-model_codec.go:1568.12,1570.3 1 0
bitmap-usage/model/price-model_codec.go:1570.8,1572.3 1 0
bitmap-usage/model/price-model_codec.go:1573.11,1576.3 2 0
bitmap-usage/model/price-model_codec.go:1579.6,1581.13 2 0
bitmap-usage/model/price-model_codec.go:1586.3,1586.12 1 0
bitmap-usage/model/price-model_codec.go:1589.3,1590.40 2 0
bitmap-usage/model/price-model_codec.go:1581.13,1583.4 1 0
bitmap-usage/model/price-model_codec.go:1583.9,1585.4 1 0
bitmap-usage/model/price-model_codec.go:1586.12,1587.9 1 0
bitmap-usage/model/price-model_codec.go:1594.56,1596.2 1 0
bitmap-usage/model/price-model_codec.go:1598.56,1598.57 0 0
bitmap-usage/model/price-model_codec.go:1599.71,1603.41 4 0
bitmap-usage/model/price-model_codec.go:1607.2,1607.14 1 0
bitmap-usage/model/price-model_codec.go:1603.41,1606.3 2 0
bitmap-usage/model/price-model_codec.go:1607.14,1609.3 1 0
bitmap-usage/model/price-model_codec.go:1609.8,1614.22 5 0
bitmap-usage/model/price-model_codec.go:1614.22,1616.12 2 0
bitmap-usage/model/price-model_codec.go:1627.4,1629.24 3 0
bitmap-usage/model/price-model_codec.go:1616.12,1619.5 2 0
bitmap-usage/model/price-model_codec.go:1619.10,1621.52 2 0
bitmap-usage/model/price-model_codec.go:1621.52,1623.6 1 0
bitmap-usage/model/price-model_codec.go:1623.11,1625.6 1 0
bitmap-usage/model/price-model_codec.go:1630.9,1633.24 3 0
bitmap-usage/model/price-model_codec.go:1638.4,1639.12 2 0
bitmap-usage/model/price-model_codec.go:1648.4,1649.24 2 0
bitmap-usage/model/price-model_codec.go:1654.4,1656.22 3 0
[...]
bitmap-usage/index-kelindar-column/indexerv2.go:104.6,104.20 1 154
bitmap-usage/index-kelindar-column/indexerv2.go:107.6,107.45 1 154
bitmap-usage/index-kelindar-column/indexerv2.go:100.111,102.7 1 46771314
bitmap-usage/index-kelindar-column/indexerv2.go:104.20,106.7 1 0
bitmap-usage/index-kelindar-column/indexerv2.go:117.32,120.5 2 4872086
bitmap-usage/index-kelindar-column/indexerv2.go:123.18,125.5 1 0
bitmap-usage/index-kelindar-column/indexerv2.go:129.16,131.3 1 0
bitmap-usage/index-kelindar-column/indexerv2.go:137.65,139.9 2 0
bitmap-usage/index-kelindar-column/indexerv2.go:144.2,145.9 2 0
bitmap-usage/index-kelindar-column/indexerv2.go:152.2,152.12 1 0
bitmap-usage/index-kelindar-column/indexerv2.go:139.9,143.3 3 0
bitmap-usage/index-kelindar-column/indexerv2.go:145.9,147.17 2 0
bitmap-usage/index-kelindar-column/indexerv2.go:150.3,150.37 1 0
bitmap-usage/index-kelindar-column/indexerv2.go:147.17,149.4 1 0
bitmap-usage/index-kelindar-column/indexerv2.go:155.85,160.9 4 0
bitmap-usage/index-kelindar-column/indexerv2.go:167.2,169.12 3 0
bitmap-usage/index-kelindar-column/indexerv2.go:160.9,165.3 4 0
bitmap-usage/index-kelindar-column/modev2.go:22.75,28.9 5 0
bitmap-usage/index-kelindar-column/modev2.go:31.2,31.31 1 0
bitmap-usage/index-kelindar-column/modev2.go:28.9,30.3 1 0
bitmap-usage/index-kelindar-column/modev2.go:34.75,36.9 2 0
bitmap-usage/index-kelindar-column/modev2.go:39.2,39.15 1 0
bitmap-usage/index-kelindar-column/modev2.go:36.9,38.3 1 0
bitmap-usage/index-kelindar-column/modev2.go:161.53,167.2 4 0
bitmap-usage/index-kelindar-column/modev2.go:182.42,184.2 1 38
bitmap-usage/index-kelindar-column/optimizationv2.go:15.38,17.16 2 0
bitmap-usage/index-kelindar-column/optimizationv2.go:20.2,21.12 2 0
bitmap-usage/index-kelindar-column/optimizationv2.go:17.16,19.3 1 0
bitmap-usage/index-kelindar-column/optimizationv2.go:42.81,44.37 2 18
bitmap-usage/index-kelindar-column/optimizationv2.go:54.2,55.34 2 18
bitmap-usage/index-kelindar-column/optimizationv2.go:44.37,46.32 2 0
bitmap-usage/index-kelindar-column/optimizationv2.go:46.32,48.18 2 0
bitmap-usage/index-kelindar-column/optimizationv2.go:48.18,50.5 1 0
bitmap-usage/index-kelindar-column/optimizationv2.go:63.62,64.70 1 0
bitmap-usage/index-kelindar-column/optimizationv2.go:65.2,65.12 1 0
bitmap-usage/index-kelindar-column/searchv2.go:37.48,40.33 2 38
bitmap-usage/index-kelindar-column/searchv2.go:78.2,79.56 2 38
bitmap-usage/index-kelindar-column/searchv2.go:121.2,121.16 1 38
bitmap-usage/index-kelindar-column/searchv2.go:124.2,124.24 1 16
bitmap-usage/index-kelindar-column/searchv2.go:40.33,44.33 2 18
bitmap-usage/index-kelindar-column/searchv2.go:50.3,58.46 3 18
bitmap-usage/index-kelindar-column/searchv2.go:44.33,49.4 1 16
bitmap-usage/index-kelindar-column/searchv2.go:58.46,61.56 3 52
bitmap-usage/index-kelindar-column/searchv2.go:65.4,65.31 1 52
bitmap-usage/index-kelindar-column/searchv2.go:61.56,64.5 2 0
bitmap-usage/index-kelindar-column/searchv2.go:67.8,69.33 2 20
bitmap-usage/index-kelindar-column/searchv2.go:74.3,75.112 2 20
bitmap-usage/index-kelindar-column/searchv2.go:69.33,73.4 1 26
bitmap-usage/index-kelindar-column/searchv2.go:79.56,81.39 2 38
bitmap-usage/index-kelindar-column/searchv2.go:85.3,87.64 3 38
bitmap-usage/index-kelindar-column/searchv2.go:91.3,91.17 1 38
bitmap-usage/index-kelindar-column/searchv2.go:95.3,95.23 1 38
bitmap-usage/index-kelindar-column/searchv2.go:98.3,98.23 1 20
bitmap-usage/index-kelindar-column/searchv2.go:101.3,104.63 3 8
bitmap-usage/index-kelindar-column/searchv2.go:110.3,110.17 1 8
bitmap-usage/index-kelindar-column/searchv2.go:113.3,113.23 1 8
bitmap-usage/index-kelindar-column/searchv2.go:81.39,83.4 1 156
bitmap-usage/index-kelindar-column/searchv2.go:87.64,90.4 2 28
bitmap-usage/index-kelindar-column/searchv2.go:91.17,93.4 1 0
bitmap-usage/index-kelindar-column/searchv2.go:95.23,97.4 1 18
bitmap-usage/index-kelindar-column/searchv2.go:98.23,100.4 1 12
bitmap-usage/index-kelindar-column/searchv2.go:104.63,105.24 1 6
bitmap-usage/index-kelindar-column/searchv2.go:108.4,108.17 1 6
bitmap-usage/index-kelindar-column/searchv2.go:105.24,107.5 1 4
bitmap-usage/index-kelindar-column/searchv2.go:110.17,112.4 1 0
bitmap-usage/index-kelindar-column/searchv2.go:113.23,117.4 1 4
bitmap-usage/index-kelindar-column/searchv2.go:117.9,119.4 1 4
bitmap-usage/index-kelindar-column/searchv2.go:121.16,123.3 1 22
bitmap-usage/index-kelindar-column/searchv2.go:128.71,130.9 2 0
bitmap-usage/index-kelindar-column/searchv2.go:134.2,134.49 1 0
bitmap-usage/index-kelindar-column/searchv2.go:130.9,133.3 2 0
bitmap-usage/index-kelindar-column/searchv2.go:137.73,139.9 2 0
bitmap-usage/index-kelindar-column/searchv2.go:143.2,143.49 1 0
bitmap-usage/index-kelindar-column/searchv2.go:139.9,142.3 2 0
bitmap-usage/index-kelindar-column/searchv2.go:146.83,148.9 2 0
bitmap-usage/index-kelindar-column/searchv2.go:152.2,153.9 2 0
bitmap-usage/index-kelindar-column/searchv2.go:157.2,157.50 1 0
bitmap-usage/index-kelindar-column/searchv2.go:148.9,151.3 2 0
bitmap-usage/index-kelindar-column/searchv2.go:153.9,156.3 2 0
bitmap-usage/index-kelindar-column/searchv2.go:160.81,162.9 2 0
bitmap-usage/index-kelindar-column/searchv2.go:166.2,166.49 1 0
bitmap-usage/index-kelindar-column/searchv2.go:162.9,165.3 2 0
bitmap-usage/index-kelindar-column/searchv2.go:169.65,171.2 1 15
bitmap-usage/index-roaring/model.go:13.55,15.2 1 75
bitmap-usage/index-roaring/modev2.go:21.75,27.9 5 0
bitmap-usage/index-roaring/modev2.go:30.2,30.31 1 0
bitmap-usage/index-roaring/modev2.go:27.9,29.3 1 0
bitmap-usage/index-roaring/modev2.go:33.75,35.9 2 0
bitmap-usage/index-roaring/modev2.go:38.2,38.15 1 0
bitmap-usage/index-roaring/modev2.go:35.9,37.3 1 0
bitmap-usage/index-roaring/modev2.go:160.53,166.2 4 734
bitmap-usage/index-roaring/modev2.go:173.42,174.64 1 74
bitmap-usage/index-roaring/modev2.go:174.64,176.3 1 0
bitmap-usage/index-roaring/optimizationv2.go:8.38,10.16 2 0
bitmap-usage/index-roaring/optimizationv2.go:13.2,14.12 2 0
bitmap-usage/index-roaring/optimizationv2.go:10.16,12.3 1 0
bitmap-usage/index-roaring/optimizationv2.go:35.81,37.37 2 36
bitmap-usage/index-roaring/optimizationv2.go:47.2,48.34 2 36
bitmap-usage/index-roaring/optimizationv2.go:37.37,39.32 2 192
bitmap-usage/index-roaring/optimizationv2.go:39.32,41.18 2 260
bitmap-usage/index-roaring/optimizationv2.go:41.18,43.5 1 228
bitmap-usage/index-roaring/optimizationv2.go:56.62,57.34 1 36
bitmap-usage/index-roaring/optimizationv2.go:60.2,60.12 1 36
bitmap-usage/index-roaring/optimizationv2.go:57.34,59.3 1 228
bitmap-usage/index-roaring/search.go:34.48,37.39 2 74
bitmap-usage/index-roaring/search.go:68.2,69.38 2 74
bitmap-usage/index-roaring/search.go:97.2,97.22 1 42
bitmap-usage/index-roaring/search.go:100.2,101.22 2 38
bitmap-usage/index-roaring/search.go:106.2,109.22 3 16
bitmap-usage/index-roaring/search.go:37.39,39.33 2 36
bitmap-usage/index-roaring/search.go:44.3,48.46 3 36
bitmap-usage/index-roaring/search.go:39.33,43.4 1 32
bitmap-usage/index-roaring/search.go:48.46,51.56 3 104
bitmap-usage/index-roaring/search.go:55.4,55.31 1 104
bitmap-usage/index-roaring/search.go:51.56,54.5 2 64
bitmap-usage/index-roaring/search.go:57.8,59.40 2 38
bitmap-usage/index-roaring/search.go:64.3,65.85 2 38
bitmap-usage/index-roaring/search.go:59.40,63.4 1 42
bitmap-usage/index-roaring/search.go:69.38,72.32 3 216
bitmap-usage/index-roaring/search.go:83.3,83.17 1 216
bitmap-usage/index-roaring/search.go:86.3,86.13 1 184
bitmap-usage/index-roaring/search.go:72.32,74.4 1 60
bitmap-usage/index-roaring/search.go:74.9,74.35 1 156
bitmap-usage/index-roaring/search.go:74.35,76.4 1 48
bitmap-usage/index-roaring/search.go:76.9,76.36 1 108
bitmap-usage/index-roaring/search.go:76.36,78.4 1 46
bitmap-usage/index-roaring/search.go:78.9,78.35 1 62
bitmap-usage/index-roaring/search.go:78.35,80.4 1 62
bitmap-usage/index-roaring/search.go:80.9,81.31 1 0
bitmap-usage/index-roaring/search.go:83.17,85.4 1 32
bitmap-usage/index-roaring/search.go:86.13,89.4 1 56
bitmap-usage/index-roaring/search.go:89.9,89.20 1 128
bitmap-usage/index-roaring/search.go:89.20,92.4 1 50
bitmap-usage/index-roaring/search.go:92.9,95.4 1 78
bitmap-usage/index-roaring/search.go:97.22,99.3 1 4
bitmap-usage/index-roaring/search.go:101.22,104.3 2 22
bitmap-usage/index-roaring/search.go:109.22,114.3 2 8
bitmap-usage/index-roaring/search.go:114.8,116.3 1 8
bitmap-usage/index-roaring/search.go:119.85,121.9 2 49
bitmap-usage/index-roaring/search.go:125.2,125.36 1 45
bitmap-usage/index-roaring/search.go:121.9,124.3 2 4
bitmap-usage/index-roaring/search.go:128.87,130.9 2 47
bitmap-usage/index-roaring/search.go:134.2,134.37 1 43
bitmap-usage/index-roaring/search.go:130.9,133.3 2 4
bitmap-usage/index-roaring/search.go:137.97,139.9 2 67
bitmap-usage/index-roaring/search.go:143.2,144.9 2 59
bitmap-usage/index-roaring/search.go:148.2,148.43 1 47
bitmap-usage/index-roaring/search.go:139.9,142.3 2 8
bitmap-usage/index-roaring/search.go:144.9,147.3 2 12
bitmap-usage/index-roaring/search.go:151.95,153.9 2 61
bitmap-usage/index-roaring/search.go:157.2,157.40 1 57
bitmap-usage/index-roaring/search.go:153.9,156.3 2 4
bitmap-usage/index-roaring/search.go:163.72,166.39 2 1
bitmap-usage/index-roaring/search.go:170.2,171.16 2 1
bitmap-usage/index-roaring/search.go:174.2,179.39 4 1
bitmap-usage/index-roaring/search.go:197.2,198.16 2 1
bitmap-usage/index-roaring/search.go:201.2,201.19 1 1
bitmap-usage/index-roaring/search.go:206.2,211.16 4 1
bitmap-usage/index-roaring/search.go:215.2,221.22 4 1
bitmap-usage/index-roaring/search.go:224.2,225.22 2 1
bitmap-usage/index-roaring/search.go:230.2,237.22 5 0
bitmap-usage/index-roaring/search.go:166.39,167.74 1 0
bitmap-usage/index-roaring/search.go:171.16,173.3 1 0
bitmap-usage/index-roaring/search.go:179.39,183.17 3 5
bitmap-usage/index-roaring/search.go:186.3,186.13 1 5
bitmap-usage/index-roaring/search.go:192.3,194.29 2 5
bitmap-usage/index-roaring/search.go:183.17,185.4 1 0
bitmap-usage/index-roaring/search.go:186.13,188.4 1 1
bitmap-usage/index-roaring/search.go:188.9,190.4 1 4
bitmap-usage/index-roaring/search.go:198.16,200.3 1 0
bitmap-usage/index-roaring/search.go:201.19,203.3 1 0
bitmap-usage/index-roaring/search.go:203.8,205.3 1 1
bitmap-usage/index-roaring/search.go:211.16,213.3 1 0
bitmap-usage/index-roaring/search.go:221.22,223.3 1 0
bitmap-usage/index-roaring/search.go:225.22,228.3 2 1
bitmap-usage/index-roaring/search.go:237.22,242.3 2 0
bitmap-usage/index-roaring/search.go:242.8,244.3 1 0
bitmap-usage/index-roaring/search.go:250.46,252.19 2 5
bitmap-usage/index-roaring/search.go:257.2,259.48 1 5
bitmap-usage/index-roaring/search.go:252.19,254.3 1 5
bitmap-usage/index-roaring/search.go:254.8,256.3 1 0
bitmap-usage/index-roaring/search.go:263.50,265.19 2 3
bitmap-usage/index-roaring/search.go:270.2,273.48 1 3
bitmap-usage/index-roaring/search.go:265.19,267.3 1 2
bitmap-usage/index-roaring/search.go:267.8,269.3 1 1
bitmap-usage/index-roaring/search.go:276.77,278.2 1 29
bitmap-usage/index-roaring/searchv2.go:11.48,14.33 2 74
bitmap-usage/index-roaring/searchv2.go:43.2,44.38 2 74
bitmap-usage/index-roaring/searchv2.go:72.2,72.22 1 42
bitmap-usage/index-roaring/searchv2.go:75.2,76.22 2 38
bitmap-usage/index-roaring/searchv2.go:81.2,84.19 3 16
bitmap-usage/index-roaring/searchv2.go:90.2,90.22 1 16
bitmap-usage/index-roaring/searchv2.go:14.33,16.33 2 36
bitmap-usage/index-roaring/searchv2.go:21.3,25.46 3 36
bitmap-usage/index-roaring/searchv2.go:16.33,20.4 1 32
bitmap-usage/index-roaring/searchv2.go:25.46,28.56 3 104
bitmap-usage/index-roaring/searchv2.go:32.4,32.31 1 104
bitmap-usage/index-roaring/searchv2.go:28.56,31.5 2 64
bitmap-usage/index-roaring/searchv2.go:34.8,36.40 2 38
bitmap-usage/index-roaring/searchv2.go:39.3,40.75 2 38
bitmap-usage/index-roaring/searchv2.go:36.40,38.4 1 42
bitmap-usage/index-roaring/searchv2.go:44.38,47.32 3 216
bitmap-usage/index-roaring/searchv2.go:58.3,58.17 1 216
bitmap-usage/index-roaring/searchv2.go:61.3,61.13 1 184
bitmap-usage/index-roaring/searchv2.go:47.32,49.4 1 60
bitmap-usage/index-roaring/searchv2.go:49.9,49.35 1 156
bitmap-usage/index-roaring/searchv2.go:49.35,51.4 1 48
bitmap-usage/index-roaring/searchv2.go:51.9,51.36 1 108
bitmap-usage/index-roaring/searchv2.go:51.36,53.4 1 46
bitmap-usage/index-roaring/searchv2.go:53.9,53.35 1 62
bitmap-usage/index-roaring/searchv2.go:53.35,55.4 1 62
bitmap-usage/index-roaring/searchv2.go:55.9,56.31 1 0
bitmap-usage/index-roaring/searchv2.go:58.17,60.4 1 32
bitmap-usage/index-roaring/searchv2.go:61.13,64.4 1 56
bitmap-usage/index-roaring/searchv2.go:64.9,64.20 1 128
bitmap-usage/index-roaring/searchv2.go:64.20,67.4 1 50
bitmap-usage/index-roaring/searchv2.go:67.9,70.4 1 78
bitmap-usage/index-roaring/searchv2.go:72.22,74.3 1 4
bitmap-usage/index-roaring/searchv2.go:76.22,79.3 2 22
bitmap-usage/index-roaring/searchv2.go:84.19,87.3 2 8
bitmap-usage/index-roaring/searchv2.go:87.8,89.3 1 8
bitmap-usage/index-roaring/searchv2.go:90.22,95.3 2 8
bitmap-usage/index-roaring/searchv2.go:95.8,97.3 1 8
bitmap-usage/index-roaring/searchv2.go:100.73,102.9 2 48
bitmap-usage/index-roaring/searchv2.go:106.2,106.36 1 44
bitmap-usage/index-roaring/searchv2.go:102.9,105.3 2 4
bitmap-usage/index-roaring/searchv2.go:109.75,111.9 2 46
bitmap-usage/index-roaring/searchv2.go:115.2,115.36 1 42
bitmap-usage/index-roaring/searchv2.go:111.9,114.3 2 4
bitmap-usage/index-roaring/searchv2.go:118.85,120.9 2 62
bitmap-usage/index-roaring/searchv2.go:124.2,125.9 2 54
bitmap-usage/index-roaring/searchv2.go:129.2,129.37 1 42
bitmap-usage/index-roaring/searchv2.go:120.9,123.3 2 8
bitmap-usage/index-roaring/searchv2.go:125.9,128.3 2 12
bitmap-usage/index-roaring/searchv2.go:132.83,134.9 2 60
bitmap-usage/index-roaring/searchv2.go:138.2,138.36 1 56
bitmap-usage/index-roaring/searchv2.go:134.9,137.3 2 4
bitmap-usage/index-roaring/searchv2.go:141.65,143.2 1 29
bitmap-usage/index-roaring/utils.go:8.81,23.2 14 0
bitmap-usage/index-roaring/utils.go:25.68,30.2 4 0
bitmap-usage/index-roaring/utils.go:32.78,36.25 4 0
bitmap-usage/index-roaring/utils.go:41.2,43.12 3 0
bitmap-usage/index-roaring/utils.go:36.25,40.3 3 0
bitmap-usage/index-roaring/indexer.go:9.80,10.46 1 75
bitmap-usage/index-roaring/indexer.go:14.2,21.44 7 75
bitmap-usage/index-roaring/indexer.go:24.2,35.12 3 75
bitmap-usage/index-roaring/indexer.go:10.46,12.3 1 1461736
bitmap-usage/index-roaring/indexer.go:21.44,23.3 1 1461736
bitmap-usage/index-roaring/indexer.go:38.93,43.27 3 75
bitmap-usage/index-roaring/indexer.go:51.2,52.36 2 75
bitmap-usage/index-roaring/indexer.go:56.2,56.27 1 75
bitmap-usage/index-roaring/indexer.go:61.2,61.23 1 75
bitmap-usage/index-roaring/indexer.go:43.27,44.40 1 1461736
bitmap-usage/index-roaring/indexer.go:44.40,47.4 2 226
bitmap-usage/index-roaring/indexer.go:52.36,54.3 1 226
bitmap-usage/index-roaring/indexer.go:56.27,60.3 3 1461736
bitmap-usage/index-roaring/indexer.go:64.105,69.27 4 75
bitmap-usage/index-roaring/indexer.go:93.2,93.41 1 75
bitmap-usage/index-roaring/indexer.go:69.27,70.30 1 1461736
bitmap-usage/index-roaring/indexer.go:70.30,73.43 2 7308172
bitmap-usage/index-roaring/indexer.go:80.4,81.38 2 7308172
bitmap-usage/index-roaring/indexer.go:73.43,75.5 1 7308061
bitmap-usage/index-roaring/indexer.go:75.10,78.5 2 111
bitmap-usage/index-roaring/indexer.go:81.38,83.5 1 7307912
bitmap-usage/index-roaring/indexer.go:83.10,89.5 5 260
bitmap-usage/index-roaring/indexer.go:96.93,101.27 3 75
bitmap-usage/index-roaring/indexer.go:109.2,110.36 2 75
bitmap-usage/index-roaring/indexer.go:114.2,114.27 1 75
bitmap-usage/index-roaring/indexer.go:119.2,119.23 1 75
bitmap-usage/index-roaring/indexer.go:101.27,102.37 1 1461736
bitmap-usage/index-roaring/indexer.go:102.37,105.4 2 119
bitmap-usage/index-roaring/indexer.go:110.36,112.3 1 119
bitmap-usage/index-roaring/indexer.go:114.27,118.3 3 1461736
bitmap-usage/index-roaring/indexer.go:122.91,127.27 3 75
bitmap-usage/index-roaring/indexer.go:135.2,136.36 2 75
bitmap-usage/index-roaring/indexer.go:139.2,139.27 1 75
bitmap-usage/index-roaring/indexer.go:144.2,144.23 1 75
bitmap-usage/index-roaring/indexer.go:127.27,128.34 1 1461736
bitmap-usage/index-roaring/indexer.go:128.34,131.4 2 86
bitmap-usage/index-roaring/indexer.go:136.36,138.3 1 86
bitmap-usage/index-roaring/indexer.go:139.27,143.3 3 1461736
bitmap-usage/index-roaring/indexer.go:147.72,149.27 2 75
bitmap-usage/index-roaring/indexer.go:154.2,154.15 1 75
bitmap-usage/index-roaring/indexer.go:149.27,150.18 1 1461736
bitmap-usage/index-roaring/indexer.go:150.18,152.4 1 32
bitmap-usage/index-roaring/indexerv2.go:18.62,24.45 3 74
bitmap-usage/index-roaring/indexerv2.go:56.2,59.45 3 74
bitmap-usage/index-roaring/indexerv2.go:91.2,92.12 2 74
bitmap-usage/index-roaring/indexerv2.go:24.45,26.17 2 974536
bitmap-usage/index-roaring/indexerv2.go:29.3,30.17 2 974536
bitmap-usage/index-roaring/indexerv2.go:33.3,34.17 2 974536
bitmap-usage/index-roaring/indexerv2.go:39.3,40.17 2 974536
bitmap-usage/index-roaring/indexerv2.go:43.3,44.17 2 974536
bitmap-usage/index-roaring/indexerv2.go:48.3,48.31 1 974536
bitmap-usage/index-roaring/indexerv2.go:26.17,28.4 1 0
bitmap-usage/index-roaring/indexerv2.go:30.17,32.4 1 0
bitmap-usage/index-roaring/indexerv2.go:34.17,36.4 1 0
bitmap-usage/index-roaring/indexerv2.go:40.17,42.4 1 0
bitmap-usage/index-roaring/indexerv2.go:44.17,46.4 1 0
bitmap-usage/index-roaring/indexerv2.go:48.31,51.18 3 4872172
bitmap-usage/index-roaring/indexerv2.go:51.18,53.5 1 0
bitmap-usage/index-roaring/indexerv2.go:59.45,66.17 5 974536
bitmap-usage/index-roaring/indexerv2.go:69.3,70.17 2 974536
bitmap-usage/index-roaring/indexerv2.go:73.3,74.17 2 974536
bitmap-usage/index-roaring/indexerv2.go:78.3,79.17 2 974536
bitmap-usage/index-roaring/indexerv2.go:83.3,83.31 1 974536
bitmap-usage/index-roaring/indexerv2.go:66.17,68.4 1 0
bitmap-usage/index-roaring/indexerv2.go:70.17,72.4 1 0
bitmap-usage/index-roaring/indexerv2.go:74.17,76.4 1 0
bitmap-usage/index-roaring/indexerv2.go:79.17,81.4 1 0
bitmap-usage/index-roaring/indexerv2.go:83.31,86.18 3 4872172
bitmap-usage/index-roaring/indexerv2.go:86.18,88.5 1 0
bitmap-usage/index-roaring/indexerv2.go:95.65,97.9 2 9744852
bitmap-usage/index-roaring/indexerv2.go:102.2,103.9 2 9744852
bitmap-usage/index-roaring/indexerv2.go:110.2,110.12 1 9744852
bitmap-usage/index-roaring/indexerv2.go:97.9,101.3 3 402
bitmap-usage/index-roaring/indexerv2.go:103.9,105.17 2 734
bitmap-usage/index-roaring/indexerv2.go:108.3,108.37 1 734
bitmap-usage/index-roaring/indexerv2.go:105.17,107.4 1 0
bitmap-usage/index-roaring/indexerv2.go:113.85,118.9 4 8770316
bitmap-usage/index-roaring/indexerv2.go:123.2,125.12 3 8770316
bitmap-usage/index-roaring/indexerv2.go:118.9,121.3 2 668
bitmap-usage/index-roaring/optimization.go:19.50,21.16 2 0
bitmap-usage/index-roaring/optimization.go:24.2,25.12 2 0
bitmap-usage/index-roaring/optimization.go:21.16,23.3 1 0
bitmap-usage/index-roaring/optimization.go:46.91,48.46 2 36
bitmap-usage/index-roaring/optimization.go:52.2,53.42 2 36
bitmap-usage/index-roaring/optimization.go:57.2,58.41 2 36
bitmap-usage/index-roaring/optimization.go:62.2,63.47 2 36
bitmap-usage/index-roaring/optimization.go:70.2,77.15 4 36
bitmap-usage/index-roaring/optimization.go:48.46,50.3 1 38
bitmap-usage/index-roaring/optimization.go:53.42,55.3 1 40
bitmap-usage/index-roaring/optimization.go:58.41,60.3 1 52
bitmap-usage/index-roaring/optimization.go:63.47,65.23 2 48
bitmap-usage/index-roaring/optimization.go:65.23,67.4 1 58
bitmap-usage/index-roaring/optimization.go:85.74,86.41 1 36
bitmap-usage/index-roaring/optimization.go:89.2,89.45 1 36
bitmap-usage/index-roaring/optimization.go:92.2,92.42 1 36
bitmap-usage/index-roaring/optimization.go:95.2,95.47 1 36
bitmap-usage/index-roaring/optimization.go:98.2,99.12 2 36
bitmap-usage/index-roaring/optimization.go:86.41,88.3 1 40
bitmap-usage/index-roaring/optimization.go:89.45,91.3 1 38
bitmap-usage/index-roaring/optimization.go:92.42,94.3 1 52
bitmap-usage/index-roaring/optimization.go:95.47,97.3 1 58
